2026-05-15T17:02:48.013+05:30  INFO 21296 --- [02.sb-data-crud-methods] [main] com.cognizant.cms.Application            : Starting Application using Java 17.0.0.1 with PID 21296 (C:\cognizant\EPS26IPM020\spring\boot\data\02.sb-data-crud-methods\target\classes started by Sunil Joseph in C:\cognizant\EPS26IPM020\spring\boot\data\02.sb-data-crud-methods)
2026-05-15T17:02:48.018+05:30  INFO 21296 --- [02.sb-data-crud-methods] [main] com.cognizant.cms.Application            : No active profile set, falling back to 1 default profile: "default"
2026-05-15T17:02:48.490+05:30  INFO 21296 --- [02.sb-data-crud-methods] [main] .s.d.r.c.RepositoryConfigurationDelegate : Bootstrapping Spring Data JPA repositories in DEFAULT mode.
2026-05-15T17:02:48.549+05:30  INFO 21296 --- [02.sb-data-crud-methods] [main] .s.d.r.c.RepositoryConfigurationDelegate : Finished Spring Data repository scanning in 48 ms. Found 1 JPA repository interface.
2026-05-15T17:02:48.835+05:30  INFO 21296 --- [02.sb-data-crud-methods] [main] org.hibernate.orm.jpa                    : HHH008540: Processing PersistenceUnitInfo [name: default]
2026-05-15T17:02:48.901+05:30  INFO 21296 --- [02.sb-data-crud-methods] [main] org.hibernate.orm.core                   : HHH000001: Hibernate ORM core version 7.2.12.Final
2026-05-15T17:02:49.331+05:30  INFO 21296 --- [02.sb-data-crud-methods] [main] o.s.o.j.p.SpringPersistenceUnitInfo      : No LoadTimeWeaver setup: ignoring JPA class transformer
2026-05-15T17:02:49.360+05:30  INFO 21296 --- [02.sb-data-crud-methods] [main] com.zaxxer.hikari.HikariDataSource       : HikariPool-1 - Starting...
2026-05-15T17:02:49.650+05:30  INFO 21296 --- [02.sb-data-crud-methods] [main] com.zaxxer.hikari.pool.HikariPool        : HikariPool-1 - Added connection com.mysql.cj.jdbc.ConnectionImpl@563172d3
2026-05-15T17:02:49.652+05:30  INFO 21296 --- [02.sb-data-crud-methods] [main] com.zaxxer.hikari.HikariDataSource       : HikariPool-1 - Start completed.
2026-05-15T17:02:49.743+05:30  INFO 21296 --- [02.sb-data-crud-methods] [main] org.hibernate.orm.connections.pooling    : HHH10001005: Database info:
	Database JDBC URL [jdbc:mysql://localhost:3306/db_cognizant]
	Database driver: MySQL Connector/J
	Database dialect: MySQLDialect
	Database version: 8.0.34
	Default catalog/schema: db_cognizant/undefined
	Autocommit mode: undefined/unknown
	Isolation level: REPEATABLE_READ [default REPEATABLE_READ]
	JDBC fetch size: none
	Pool: DataSourceConnectionProvider
	Minimum pool size: undefined/unknown
	Maximum pool size: undefined/unknown
2026-05-15T17:02:50.573+05:30  INFO 21296 --- [02.sb-data-crud-methods] [main] org.hibernate.orm.core                   : HHH000489: No JTA platform available (set 'hibernate.transaction.jta.platform' to enable JTA platform integration)
2026-05-15T17:02:50.627+05:30  INFO 21296 --- [02.sb-data-crud-methods] [main] j.LocalContainerEntityManagerFactoryBean : Initialized JPA EntityManagerFactory for persistence unit 'default'
2026-05-15T17:02:50.696+05:30  INFO 21296 --- [02.sb-data-crud-methods] [main] o.s.d.j.r.query.QueryEnhancerFactories   : Hibernate is in classpath; If applicable, HQL parser will be used.
2026-05-15T17:02:50.891+05:30  INFO 21296 --- [02.sb-data-crud-methods] [main] com.cognizant.cms.Application            : Started Application in 3.394 seconds (process running for 4.289)
2026-05-15T17:02:51.312+05:30  WARN 21296 --- [02.sb-data-crud-methods] [main] com.cognizant.cms.Application            : no of contacts = 6
2026-05-15T17:03:00.478+05:30  INFO 21296 --- [02.sb-data-crud-methods] [main] com.cognizant.cms.Application            : IoC initialized
2026-05-15T17:03:00.486+05:30  INFO 21296 --- [02.sb-data-crud-methods] [SpringApplicationShutdownHook] j.LocalContainerEntityManagerFactoryBean : Closing JPA EntityManagerFactory for persistence unit 'default'
2026-05-15T17:03:00.490+05:30  INFO 21296 --- [02.sb-data-crud-methods] [SpringApplicationShutdownHook] com.zaxxer.hikari.HikariDataSource       : HikariPool-1 - Shutdown initiated...
2026-05-15T17:03:00.502+05:30  INFO 21296 --- [02.sb-data-crud-methods] [SpringApplicationShutdownHook] com.zaxxer.hikari.HikariDataSource       : HikariPool-1 - Shutdown completed.
2026-05-15T17:04:04.962+05:30  INFO 3412 --- [02.sb-data-crud-methods] [main] com.cognizant.cms.Application            : Starting Application using Java 17.0.0.1 with PID 3412 (C:\cognizant\EPS26IPM020\spring\boot\data\02.sb-data-crud-methods\target\classes started by Sunil Joseph in C:\cognizant\EPS26IPM020\spring\boot\data\02.sb-data-crud-methods)
2026-05-15T17:04:04.966+05:30  INFO 3412 --- [02.sb-data-crud-methods] [main] com.cognizant.cms.Application            : No active profile set, falling back to 1 default profile: "default"
2026-05-15T17:04:05.511+05:30  INFO 3412 --- [02.sb-data-crud-methods] [main] .s.d.r.c.RepositoryConfigurationDelegate : Bootstrapping Spring Data JPA repositories in DEFAULT mode.
2026-05-15T17:04:05.576+05:30  INFO 3412 --- [02.sb-data-crud-methods] [main] .s.d.r.c.RepositoryConfigurationDelegate : Finished Spring Data repository scanning in 52 ms. Found 1 JPA repository interface.
2026-05-15T17:04:06.003+05:30  INFO 3412 --- [02.sb-data-crud-methods] [main] org.hibernate.orm.jpa                    : HHH008540: Processing PersistenceUnitInfo [name: default]
2026-05-15T17:04:06.089+05:30  INFO 3412 --- [02.sb-data-crud-methods] [main] org.hibernate.orm.core                   : HHH000001: Hibernate ORM core version 7.2.12.Final
2026-05-15T17:04:06.574+05:30  INFO 3412 --- [02.sb-data-crud-methods] [main] o.s.o.j.p.SpringPersistenceUnitInfo      : No LoadTimeWeaver setup: ignoring JPA class transformer
2026-05-15T17:04:06.611+05:30  INFO 3412 --- [02.sb-data-crud-methods] [main] com.zaxxer.hikari.HikariDataSource       : HikariPool-1 - Starting...
2026-05-15T17:04:06.982+05:30  INFO 3412 --- [02.sb-data-crud-methods] [main] com.zaxxer.hikari.pool.HikariPool        : HikariPool-1 - Added connection com.mysql.cj.jdbc.ConnectionImpl@2c9cafa5
2026-05-15T17:04:06.985+05:30  INFO 3412 --- [02.sb-data-crud-methods] [main] com.zaxxer.hikari.HikariDataSource       : HikariPool-1 - Start completed.
2026-05-15T17:04:07.066+05:30  INFO 3412 --- [02.sb-data-crud-methods] [main] org.hibernate.orm.connections.pooling    : HHH10001005: Database info:
	Database JDBC URL [jdbc:mysql://localhost:3306/db_cognizant]
	Database driver: MySQL Connector/J
	Database dialect: MySQLDialect
	Database version: 8.0.34
	Default catalog/schema: db_cognizant/undefined
	Autocommit mode: undefined/unknown
	Isolation level: REPEATABLE_READ [default REPEATABLE_READ]
	JDBC fetch size: none
	Pool: DataSourceConnectionProvider
	Minimum pool size: undefined/unknown
	Maximum pool size: undefined/unknown
2026-05-15T17:04:07.892+05:30  INFO 3412 --- [02.sb-data-crud-methods] [main] org.hibernate.orm.core                   : HHH000489: No JTA platform available (set 'hibernate.transaction.jta.platform' to enable JTA platform integration)
2026-05-15T17:04:07.948+05:30  INFO 3412 --- [02.sb-data-crud-methods] [main] j.LocalContainerEntityManagerFactoryBean : Initialized JPA EntityManagerFactory for persistence unit 'default'
2026-05-15T17:04:08.021+05:30  INFO 3412 --- [02.sb-data-crud-methods] [main] o.s.d.j.r.query.QueryEnhancerFactories   : Hibernate is in classpath; If applicable, HQL parser will be used.
2026-05-15T17:04:08.199+05:30  INFO 3412 --- [02.sb-data-crud-methods] [main] com.cognizant.cms.Application            : Started Application in 3.659 seconds (process running for 4.254)
2026-05-15T17:04:08.651+05:30  WARN 3412 --- [02.sb-data-crud-methods] [main] com.cognizant.cms.Application            : no of contacts = 6
2026-05-15T17:04:17.841+05:30  INFO 3412 --- [02.sb-data-crud-methods] [main] com.cognizant.cms.Application            : IoC initialized
2026-05-15T17:04:17.847+05:30  INFO 3412 --- [02.sb-data-crud-methods] [SpringApplicationShutdownHook] j.LocalContainerEntityManagerFactoryBean : Closing JPA EntityManagerFactory for persistence unit 'default'
2026-05-15T17:04:17.851+05:30  INFO 3412 --- [02.sb-data-crud-methods] [SpringApplicationShutdownHook] com.zaxxer.hikari.HikariDataSource       : HikariPool-1 - Shutdown initiated...
2026-05-15T17:04:17.858+05:30  INFO 3412 --- [02.sb-data-crud-methods] [SpringApplicationShutdownHook] com.zaxxer.hikari.HikariDataSource       : HikariPool-1 - Shutdown completed.
