2026-05-18T08:59:53.002+05:30  INFO 7884 --- [03.sb-data-finders] [main] com.cognizant.cms.Application            : Starting Application using Java 17.0.0.1 with PID 7884 (C:\cognizant\EPS26IPM020\spring\boot\data\03.sb-data-finders\target\classes started by Sunil Joseph in C:\cognizant\EPS26IPM020\spring\boot\data\03.sb-data-finders)
2026-05-18T08:59:53.008+05:30  INFO 7884 --- [03.sb-data-finders] [main] com.cognizant.cms.Application            : No active profile set, falling back to 1 default profile: "default"
2026-05-18T08:59:53.481+05:30  INFO 7884 --- [03.sb-data-finders] [main] .s.d.r.c.RepositoryConfigurationDelegate : Bootstrapping Spring Data JPA repositories in DEFAULT mode.
2026-05-18T08:59:53.532+05:30  INFO 7884 --- [03.sb-data-finders] [main] .s.d.r.c.RepositoryConfigurationDelegate : Finished Spring Data repository scanning in 39 ms. Found 1 JPA repository interface.
2026-05-18T08:59:53.820+05:30  INFO 7884 --- [03.sb-data-finders] [main] org.hibernate.orm.jpa                    : HHH008540: Processing PersistenceUnitInfo [name: default]
2026-05-18T08:59:53.902+05:30  INFO 7884 --- [03.sb-data-finders] [main] org.hibernate.orm.core                   : HHH000001: Hibernate ORM core version 7.2.12.Final
2026-05-18T08:59:54.424+05:30  INFO 7884 --- [03.sb-data-finders] [main] o.s.o.j.p.SpringPersistenceUnitInfo      : No LoadTimeWeaver setup: ignoring JPA class transformer
2026-05-18T08:59:54.468+05:30  INFO 7884 --- [03.sb-data-finders] [main] com.zaxxer.hikari.HikariDataSource       : HikariPool-1 - Starting...
2026-05-18T08:59:54.809+05:30  INFO 7884 --- [03.sb-data-finders] [main] com.zaxxer.hikari.pool.HikariPool        : HikariPool-1 - Added connection com.mysql.cj.jdbc.ConnectionImpl@2bfa17b0
2026-05-18T08:59:54.813+05:30  INFO 7884 --- [03.sb-data-finders] [main] com.zaxxer.hikari.HikariDataSource       : HikariPool-1 - Start completed.
2026-05-18T08:59:54.899+05:30  INFO 7884 --- [03.sb-data-finders] [main] org.hibernate.orm.connections.pooling    : HHH10001005: Database info:
	Database JDBC URL [jdbc:mysql://localhost:3306/db_cognizant]
	Database driver: MySQL Connector/J
	Database dialect: MySQLDialect
	Database version: 8.0.34
	Default catalog/schema: db_cognizant/undefined
	Autocommit mode: undefined/unknown
	Isolation level: REPEATABLE_READ [default REPEATABLE_READ]
	JDBC fetch size: none
	Pool: DataSourceConnectionProvider
	Minimum pool size: undefined/unknown
	Maximum pool size: undefined/unknown
2026-05-18T08:59:55.832+05:30  INFO 7884 --- [03.sb-data-finders] [main] org.hibernate.orm.core                   : HHH000489: No JTA platform available (set 'hibernate.transaction.jta.platform' to enable JTA platform integration)
2026-05-18T08:59:55.901+05:30  INFO 7884 --- [03.sb-data-finders] [main] j.LocalContainerEntityManagerFactoryBean : Initialized JPA EntityManagerFactory for persistence unit 'default'
2026-05-18T08:59:56.000+05:30  INFO 7884 --- [03.sb-data-finders] [main] o.s.d.j.r.query.QueryEnhancerFactories   : Hibernate is in classpath; If applicable, HQL parser will be used.
2026-05-18T08:59:56.283+05:30  INFO 7884 --- [03.sb-data-finders] [main] com.cognizant.cms.Application            : Started Application in 3.74 seconds (process running for 4.504)
2026-05-18T08:59:56.706+05:30  INFO 7884 --- [03.sb-data-finders] [main] com.cognizant.cms.Application            : Contact [103   | Sooraj          | 9574968596]
2026-05-18T08:59:56.712+05:30  INFO 7884 --- [03.sb-data-finders] [SpringApplicationShutdownHook] j.LocalContainerEntityManagerFactoryBean : Closing JPA EntityManagerFactory for persistence unit 'default'
2026-05-18T08:59:56.714+05:30  INFO 7884 --- [03.sb-data-finders] [SpringApplicationShutdownHook] com.zaxxer.hikari.HikariDataSource       : HikariPool-1 - Shutdown initiated...
2026-05-18T08:59:56.725+05:30  INFO 7884 --- [03.sb-data-finders] [SpringApplicationShutdownHook] com.zaxxer.hikari.HikariDataSource       : HikariPool-1 - Shutdown completed.
2026-05-18T09:00:27.208+05:30  INFO 9348 --- [03.sb-data-finders] [main] com.cognizant.cms.Application            : Starting Application using Java 17.0.0.1 with PID 9348 (C:\cognizant\EPS26IPM020\spring\boot\data\03.sb-data-finders\target\classes started by Sunil Joseph in C:\cognizant\EPS26IPM020\spring\boot\data\03.sb-data-finders)
2026-05-18T09:00:27.211+05:30  INFO 9348 --- [03.sb-data-finders] [main] com.cognizant.cms.Application            : No active profile set, falling back to 1 default profile: "default"
2026-05-18T09:00:27.589+05:30  INFO 9348 --- [03.sb-data-finders] [main] .s.d.r.c.RepositoryConfigurationDelegate : Bootstrapping Spring Data JPA repositories in DEFAULT mode.
2026-05-18T09:00:27.632+05:30  INFO 9348 --- [03.sb-data-finders] [main] .s.d.r.c.RepositoryConfigurationDelegate : Finished Spring Data repository scanning in 35 ms. Found 1 JPA repository interface.
2026-05-18T09:00:27.862+05:30  INFO 9348 --- [03.sb-data-finders] [main] org.hibernate.orm.jpa                    : HHH008540: Processing PersistenceUnitInfo [name: default]
2026-05-18T09:00:27.918+05:30  INFO 9348 --- [03.sb-data-finders] [main] org.hibernate.orm.core                   : HHH000001: Hibernate ORM core version 7.2.12.Final
2026-05-18T09:00:28.290+05:30  INFO 9348 --- [03.sb-data-finders] [main] o.s.o.j.p.SpringPersistenceUnitInfo      : No LoadTimeWeaver setup: ignoring JPA class transformer
2026-05-18T09:00:28.320+05:30  INFO 9348 --- [03.sb-data-finders] [main] com.zaxxer.hikari.HikariDataSource       : HikariPool-1 - Starting...
2026-05-18T09:00:28.604+05:30  INFO 9348 --- [03.sb-data-finders] [main] com.zaxxer.hikari.pool.HikariPool        : HikariPool-1 - Added connection com.mysql.cj.jdbc.ConnectionImpl@bb12f41
2026-05-18T09:00:28.605+05:30  INFO 9348 --- [03.sb-data-finders] [main] com.zaxxer.hikari.HikariDataSource       : HikariPool-1 - Start completed.
2026-05-18T09:00:28.677+05:30  INFO 9348 --- [03.sb-data-finders] [main] org.hibernate.orm.connections.pooling    : HHH10001005: Database info:
	Database JDBC URL [jdbc:mysql://localhost:3306/db_cognizant]
	Database driver: MySQL Connector/J
	Database dialect: MySQLDialect
	Database version: 8.0.34
	Default catalog/schema: db_cognizant/undefined
	Autocommit mode: undefined/unknown
	Isolation level: REPEATABLE_READ [default REPEATABLE_READ]
	JDBC fetch size: none
	Pool: DataSourceConnectionProvider
	Minimum pool size: undefined/unknown
	Maximum pool size: undefined/unknown
2026-05-18T09:00:29.388+05:30  INFO 9348 --- [03.sb-data-finders] [main] org.hibernate.orm.core                   : HHH000489: No JTA platform available (set 'hibernate.transaction.jta.platform' to enable JTA platform integration)
2026-05-18T09:00:29.442+05:30  INFO 9348 --- [03.sb-data-finders] [main] j.LocalContainerEntityManagerFactoryBean : Initialized JPA EntityManagerFactory for persistence unit 'default'
2026-05-18T09:00:29.508+05:30  INFO 9348 --- [03.sb-data-finders] [main] o.s.d.j.r.query.QueryEnhancerFactories   : Hibernate is in classpath; If applicable, HQL parser will be used.
2026-05-18T09:00:29.743+05:30  INFO 9348 --- [03.sb-data-finders] [main] com.cognizant.cms.Application            : Started Application in 2.938 seconds (process running for 3.468)
2026-05-18T09:00:30.088+05:30 ERROR 9348 --- [03.sb-data-finders] [main] com.cognizant.cms.Application            : no matching contact found!
2026-05-18T09:00:30.093+05:30  INFO 9348 --- [03.sb-data-finders] [SpringApplicationShutdownHook] j.LocalContainerEntityManagerFactoryBean : Closing JPA EntityManagerFactory for persistence unit 'default'
2026-05-18T09:00:30.096+05:30  INFO 9348 --- [03.sb-data-finders] [SpringApplicationShutdownHook] com.zaxxer.hikari.HikariDataSource       : HikariPool-1 - Shutdown initiated...
2026-05-18T09:00:30.108+05:30  INFO 9348 --- [03.sb-data-finders] [SpringApplicationShutdownHook] com.zaxxer.hikari.HikariDataSource       : HikariPool-1 - Shutdown completed.
2026-05-18T09:02:24.337+05:30  INFO 17432 --- [03.sb-data-finders] [main] com.cognizant.cms.Application            : Starting Application using Java 17.0.0.1 with PID 17432 (C:\cognizant\EPS26IPM020\spring\boot\data\03.sb-data-finders\target\classes started by Sunil Joseph in C:\cognizant\EPS26IPM020\spring\boot\data\03.sb-data-finders)
2026-05-18T09:02:24.341+05:30  INFO 17432 --- [03.sb-data-finders] [main] com.cognizant.cms.Application            : No active profile set, falling back to 1 default profile: "default"
2026-05-18T09:02:24.910+05:30  INFO 17432 --- [03.sb-data-finders] [main] .s.d.r.c.RepositoryConfigurationDelegate : Bootstrapping Spring Data JPA repositories in DEFAULT mode.
2026-05-18T09:02:24.956+05:30  INFO 17432 --- [03.sb-data-finders] [main] .s.d.r.c.RepositoryConfigurationDelegate : Finished Spring Data repository scanning in 37 ms. Found 1 JPA repository interface.
2026-05-18T09:02:25.475+05:30  INFO 17432 --- [03.sb-data-finders] [main] org.hibernate.orm.jpa                    : HHH008540: Processing PersistenceUnitInfo [name: AotMetamodel]
2026-05-18T09:02:25.556+05:30  INFO 17432 --- [03.sb-data-finders] [main] org.hibernate.orm.core                   : HHH000001: Hibernate ORM core version 7.2.12.Final
2026-05-18T09:02:26.158+05:30  INFO 17432 --- [03.sb-data-finders] [main] o.s.o.j.p.SpringPersistenceUnitInfo      : No LoadTimeWeaver setup: ignoring JPA class transformer
2026-05-18T09:02:26.186+05:30  INFO 17432 --- [03.sb-data-finders] [main] org.hibernate.orm.connections.pooling    : HHH10001005: Database info:
	Database JDBC URL [undefined/unknown]
	Database driver: undefined/unknown
	Database dialect: SpringDataJpaAotDialect
	Database version: 0.0
	Default catalog/schema: unknown/unknown
	Autocommit mode: undefined/unknown
	Isolation level: <unknown>
	JDBC fetch size: undefined/unknown
	Pool: undefined/unknown
	Minimum pool size: undefined/unknown
	Maximum pool size: undefined/unknown
2026-05-18T09:02:27.023+05:30  INFO 17432 --- [03.sb-data-finders] [main] org.hibernate.orm.core                   : HHH000489: No JTA platform available (set 'hibernate.transaction.jta.platform' to enable JTA platform integration)
2026-05-18T09:02:27.387+05:30  INFO 17432 --- [03.sb-data-finders] [main] o.s.d.j.r.query.QueryEnhancerFactories   : Hibernate is in classpath; If applicable, HQL parser will be used.
2026-05-18T09:04:14.313+05:30  INFO 21104 --- [03.sb-data-finders] [main] com.cognizant.cms.Application            : Starting Application using Java 17.0.0.1 with PID 21104 (C:\cognizant\EPS26IPM020\spring\boot\data\03.sb-data-finders\target\classes started by Sunil Joseph in C:\cognizant\EPS26IPM020\spring\boot\data\03.sb-data-finders)
2026-05-18T09:04:14.317+05:30  INFO 21104 --- [03.sb-data-finders] [main] com.cognizant.cms.Application            : No active profile set, falling back to 1 default profile: "default"
2026-05-18T09:04:14.868+05:30  INFO 21104 --- [03.sb-data-finders] [main] .s.d.r.c.RepositoryConfigurationDelegate : Bootstrapping Spring Data JPA repositories in DEFAULT mode.
2026-05-18T09:04:14.941+05:30  INFO 21104 --- [03.sb-data-finders] [main] .s.d.r.c.RepositoryConfigurationDelegate : Finished Spring Data repository scanning in 63 ms. Found 1 JPA repository interface.
2026-05-18T09:04:15.200+05:30  INFO 21104 --- [03.sb-data-finders] [main] org.hibernate.orm.jpa                    : HHH008540: Processing PersistenceUnitInfo [name: default]
2026-05-18T09:04:15.259+05:30  INFO 21104 --- [03.sb-data-finders] [main] org.hibernate.orm.core                   : HHH000001: Hibernate ORM core version 7.2.12.Final
2026-05-18T09:04:15.679+05:30  INFO 21104 --- [03.sb-data-finders] [main] o.s.o.j.p.SpringPersistenceUnitInfo      : No LoadTimeWeaver setup: ignoring JPA class transformer
2026-05-18T09:04:15.708+05:30  INFO 21104 --- [03.sb-data-finders] [main] com.zaxxer.hikari.HikariDataSource       : HikariPool-1 - Starting...
2026-05-18T09:04:15.984+05:30  INFO 21104 --- [03.sb-data-finders] [main] com.zaxxer.hikari.pool.HikariPool        : HikariPool-1 - Added connection com.mysql.cj.jdbc.ConnectionImpl@4e6cbdf1
2026-05-18T09:04:15.985+05:30  INFO 21104 --- [03.sb-data-finders] [main] com.zaxxer.hikari.HikariDataSource       : HikariPool-1 - Start completed.
2026-05-18T09:04:16.064+05:30  INFO 21104 --- [03.sb-data-finders] [main] org.hibernate.orm.connections.pooling    : HHH10001005: Database info:
	Database JDBC URL [jdbc:mysql://localhost:3306/db_cognizant]
	Database driver: MySQL Connector/J
	Database dialect: MySQLDialect
	Database version: 8.0.34
	Default catalog/schema: db_cognizant/undefined
	Autocommit mode: undefined/unknown
	Isolation level: REPEATABLE_READ [default REPEATABLE_READ]
	JDBC fetch size: none
	Pool: DataSourceConnectionProvider
	Minimum pool size: undefined/unknown
	Maximum pool size: undefined/unknown
2026-05-18T09:04:16.748+05:30  INFO 21104 --- [03.sb-data-finders] [main] org.hibernate.orm.core                   : HHH000489: No JTA platform available (set 'hibernate.transaction.jta.platform' to enable JTA platform integration)
2026-05-18T09:04:16.808+05:30  INFO 21104 --- [03.sb-data-finders] [main] j.LocalContainerEntityManagerFactoryBean : Initialized JPA EntityManagerFactory for persistence unit 'default'
2026-05-18T09:04:16.886+05:30  INFO 21104 --- [03.sb-data-finders] [main] o.s.d.j.r.query.QueryEnhancerFactories   : Hibernate is in classpath; If applicable, HQL parser will be used.
2026-05-18T09:04:17.122+05:30  INFO 21104 --- [03.sb-data-finders] [main] com.cognizant.cms.Application            : Started Application in 3.201 seconds (process running for 3.734)
2026-05-18T09:04:17.486+05:30 ERROR 21104 --- [03.sb-data-finders] [main] com.cognizant.cms.Application            : no matching contact found!
2026-05-18T09:04:17.498+05:30  INFO 21104 --- [03.sb-data-finders] [main] com.cognizant.cms.Application            : Contact [105   | Kiran           | 7574968596]
2026-05-18T09:04:17.504+05:30  INFO 21104 --- [03.sb-data-finders] [SpringApplicationShutdownHook] j.LocalContainerEntityManagerFactoryBean : Closing JPA EntityManagerFactory for persistence unit 'default'
2026-05-18T09:04:17.506+05:30  INFO 21104 --- [03.sb-data-finders] [SpringApplicationShutdownHook] com.zaxxer.hikari.HikariDataSource       : HikariPool-1 - Shutdown initiated...
2026-05-18T09:04:17.515+05:30  INFO 21104 --- [03.sb-data-finders] [SpringApplicationShutdownHook] com.zaxxer.hikari.HikariDataSource       : HikariPool-1 - Shutdown completed.
2026-05-18T09:06:55.258+05:30  INFO 2452 --- [03.sb-data-finders] [main] com.cognizant.cms.Application            : Starting Application using Java 17.0.0.1 with PID 2452 (C:\cognizant\EPS26IPM020\spring\boot\data\03.sb-data-finders\target\classes started by Sunil Joseph in C:\cognizant\EPS26IPM020\spring\boot\data\03.sb-data-finders)
2026-05-18T09:06:55.261+05:30  INFO 2452 --- [03.sb-data-finders] [main] com.cognizant.cms.Application            : No active profile set, falling back to 1 default profile: "default"
2026-05-18T09:06:55.710+05:30  INFO 2452 --- [03.sb-data-finders] [main] .s.d.r.c.RepositoryConfigurationDelegate : Bootstrapping Spring Data JPA repositories in DEFAULT mode.
2026-05-18T09:06:55.754+05:30  INFO 2452 --- [03.sb-data-finders] [main] .s.d.r.c.RepositoryConfigurationDelegate : Finished Spring Data repository scanning in 36 ms. Found 1 JPA repository interface.
2026-05-18T09:06:55.986+05:30  INFO 2452 --- [03.sb-data-finders] [main] org.hibernate.orm.jpa                    : HHH008540: Processing PersistenceUnitInfo [name: default]
2026-05-18T09:06:56.033+05:30  INFO 2452 --- [03.sb-data-finders] [main] org.hibernate.orm.core                   : HHH000001: Hibernate ORM core version 7.2.12.Final
2026-05-18T09:06:56.421+05:30  INFO 2452 --- [03.sb-data-finders] [main] o.s.o.j.p.SpringPersistenceUnitInfo      : No LoadTimeWeaver setup: ignoring JPA class transformer
2026-05-18T09:06:56.455+05:30  INFO 2452 --- [03.sb-data-finders] [main] com.zaxxer.hikari.HikariDataSource       : HikariPool-1 - Starting...
2026-05-18T09:06:56.751+05:30  INFO 2452 --- [03.sb-data-finders] [main] com.zaxxer.hikari.pool.HikariPool        : HikariPool-1 - Added connection com.mysql.cj.jdbc.ConnectionImpl@7686f701
2026-05-18T09:06:56.753+05:30  INFO 2452 --- [03.sb-data-finders] [main] com.zaxxer.hikari.HikariDataSource       : HikariPool-1 - Start completed.
2026-05-18T09:06:56.820+05:30  INFO 2452 --- [03.sb-data-finders] [main] org.hibernate.orm.connections.pooling    : HHH10001005: Database info:
	Database JDBC URL [jdbc:mysql://localhost:3306/db_cognizant]
	Database driver: MySQL Connector/J
	Database dialect: MySQLDialect
	Database version: 8.0.34
	Default catalog/schema: db_cognizant/undefined
	Autocommit mode: undefined/unknown
	Isolation level: REPEATABLE_READ [default REPEATABLE_READ]
	JDBC fetch size: none
	Pool: DataSourceConnectionProvider
	Minimum pool size: undefined/unknown
	Maximum pool size: undefined/unknown
2026-05-18T09:06:57.534+05:30  INFO 2452 --- [03.sb-data-finders] [main] org.hibernate.orm.core                   : HHH000489: No JTA platform available (set 'hibernate.transaction.jta.platform' to enable JTA platform integration)
2026-05-18T09:06:57.588+05:30  INFO 2452 --- [03.sb-data-finders] [main] j.LocalContainerEntityManagerFactoryBean : Initialized JPA EntityManagerFactory for persistence unit 'default'
2026-05-18T09:06:57.664+05:30  INFO 2452 --- [03.sb-data-finders] [main] o.s.d.j.r.query.QueryEnhancerFactories   : Hibernate is in classpath; If applicable, HQL parser will be used.
2026-05-18T09:06:57.904+05:30  INFO 2452 --- [03.sb-data-finders] [main] com.cognizant.cms.Application            : Started Application in 3.042 seconds (process running for 3.573)
2026-05-18T09:06:58.256+05:30 ERROR 2452 --- [03.sb-data-finders] [main] com.cognizant.cms.Application            : no matching contact found!
2026-05-18T09:06:58.270+05:30  INFO 2452 --- [03.sb-data-finders] [main] com.cognizant.cms.Application            : Contact [105   | Kiran           | 7574968596]
2026-05-18T09:06:58.295+05:30 ERROR 2452 --- [03.sb-data-finders] [main] com.cognizant.cms.Application            : no matching contacts found
2026-05-18T09:06:58.310+05:30  INFO 2452 --- [03.sb-data-finders] [SpringApplicationShutdownHook] j.LocalContainerEntityManagerFactoryBean : Closing JPA EntityManagerFactory for persistence unit 'default'
2026-05-18T09:06:58.313+05:30  INFO 2452 --- [03.sb-data-finders] [SpringApplicationShutdownHook] com.zaxxer.hikari.HikariDataSource       : HikariPool-1 - Shutdown initiated...
2026-05-18T09:06:58.323+05:30  INFO 2452 --- [03.sb-data-finders] [SpringApplicationShutdownHook] com.zaxxer.hikari.HikariDataSource       : HikariPool-1 - Shutdown completed.
2026-05-18T09:08:40.482+05:30  INFO 2280 --- [03.sb-data-finders] [main] com.cognizant.cms.Application            : Starting Application using Java 17.0.0.1 with PID 2280 (C:\cognizant\EPS26IPM020\spring\boot\data\03.sb-data-finders\target\classes started by Sunil Joseph in C:\cognizant\EPS26IPM020\spring\boot\data\03.sb-data-finders)
2026-05-18T09:08:40.486+05:30  INFO 2280 --- [03.sb-data-finders] [main] com.cognizant.cms.Application            : No active profile set, falling back to 1 default profile: "default"
2026-05-18T09:08:40.900+05:30  INFO 2280 --- [03.sb-data-finders] [main] .s.d.r.c.RepositoryConfigurationDelegate : Bootstrapping Spring Data JPA repositories in DEFAULT mode.
2026-05-18T09:08:40.954+05:30  INFO 2280 --- [03.sb-data-finders] [main] .s.d.r.c.RepositoryConfigurationDelegate : Finished Spring Data repository scanning in 43 ms. Found 1 JPA repository interface.
2026-05-18T09:08:41.193+05:30  INFO 2280 --- [03.sb-data-finders] [main] org.hibernate.orm.jpa                    : HHH008540: Processing PersistenceUnitInfo [name: default]
2026-05-18T09:08:41.241+05:30  INFO 2280 --- [03.sb-data-finders] [main] org.hibernate.orm.core                   : HHH000001: Hibernate ORM core version 7.2.12.Final
2026-05-18T09:08:41.604+05:30  INFO 2280 --- [03.sb-data-finders] [main] o.s.o.j.p.SpringPersistenceUnitInfo      : No LoadTimeWeaver setup: ignoring JPA class transformer
2026-05-18T09:08:41.631+05:30  INFO 2280 --- [03.sb-data-finders] [main] com.zaxxer.hikari.HikariDataSource       : HikariPool-1 - Starting...
2026-05-18T09:08:41.913+05:30  INFO 2280 --- [03.sb-data-finders] [main] com.zaxxer.hikari.pool.HikariPool        : HikariPool-1 - Added connection com.mysql.cj.jdbc.ConnectionImpl@6335f04a
2026-05-18T09:08:41.915+05:30  INFO 2280 --- [03.sb-data-finders] [main] com.zaxxer.hikari.HikariDataSource       : HikariPool-1 - Start completed.
2026-05-18T09:08:41.982+05:30  INFO 2280 --- [03.sb-data-finders] [main] org.hibernate.orm.connections.pooling    : HHH10001005: Database info:
	Database JDBC URL [jdbc:mysql://localhost:3306/db_cognizant]
	Database driver: MySQL Connector/J
	Database dialect: MySQLDialect
	Database version: 8.0.34
	Default catalog/schema: db_cognizant/undefined
	Autocommit mode: undefined/unknown
	Isolation level: REPEATABLE_READ [default REPEATABLE_READ]
	JDBC fetch size: none
	Pool: DataSourceConnectionProvider
	Minimum pool size: undefined/unknown
	Maximum pool size: undefined/unknown
2026-05-18T09:08:42.749+05:30  INFO 2280 --- [03.sb-data-finders] [main] org.hibernate.orm.core                   : HHH000489: No JTA platform available (set 'hibernate.transaction.jta.platform' to enable JTA platform integration)
2026-05-18T09:08:42.799+05:30  INFO 2280 --- [03.sb-data-finders] [main] j.LocalContainerEntityManagerFactoryBean : Initialized JPA EntityManagerFactory for persistence unit 'default'
2026-05-18T09:08:42.876+05:30  INFO 2280 --- [03.sb-data-finders] [main] o.s.d.j.r.query.QueryEnhancerFactories   : Hibernate is in classpath; If applicable, HQL parser will be used.
2026-05-18T09:08:43.034+05:30  WARN 2280 --- [03.sb-data-finders] [main] s.c.a.AnnotationConfigApplicationContext : Exception encountered during context initialization - cancelling refresh attempt: org.springframework.beans.factory.UnsatisfiedDependencyException: Error creating bean with name 'application': Unsatisfied dependency expressed through constructor parameter 0: Error creating bean with name 'contactRepository' defined in com.cognizant.cms.repositories.ContactRepository defined in @EnableJpaRepositories declared on DataJpaRepositoriesRegistrar.EnableJpaRepositoriesConfiguration: No property 'findContactNames' found for type 'Contact'
2026-05-18T09:08:43.034+05:30  INFO 2280 --- [03.sb-data-finders] [main] j.LocalContainerEntityManagerFactoryBean : Closing JPA EntityManagerFactory for persistence unit 'default'
2026-05-18T09:08:43.037+05:30  INFO 2280 --- [03.sb-data-finders] [main] com.zaxxer.hikari.HikariDataSource       : HikariPool-1 - Shutdown initiated...
2026-05-18T09:08:43.046+05:30  INFO 2280 --- [03.sb-data-finders] [main] com.zaxxer.hikari.HikariDataSource       : HikariPool-1 - Shutdown completed.
2026-05-18T09:08:43.053+05:30  INFO 2280 --- [03.sb-data-finders] [main] .s.b.a.l.ConditionEvaluationReportLogger : 

Error starting ApplicationContext. To display the condition evaluation report re-run your application with 'debug' enabled.
2026-05-18T09:08:43.071+05:30 ERROR 2280 --- [03.sb-data-finders] [main] o.s.boot.SpringApplication               : Application run failed

org.springframework.beans.factory.UnsatisfiedDependencyException: Error creating bean with name 'application': Unsatisfied dependency expressed through constructor parameter 0: Error creating bean with name 'contactRepository' defined in com.cognizant.cms.repositories.ContactRepository defined in @EnableJpaRepositories declared on DataJpaRepositoriesRegistrar.EnableJpaRepositoriesConfiguration: No property 'findContactNames' found for type 'Contact'
	at org.springframework.beans.factory.support.ConstructorResolver.createArgumentArray(ConstructorResolver.java:804) ~[spring-beans-7.0.7.jar:7.0.7]
	at org.springframework.beans.factory.support.ConstructorResolver.autowireConstructor(ConstructorResolver.java:240) ~[spring-beans-7.0.7.jar:7.0.7]
	at org.springframework.beans.factory.support.AbstractAutowireCapableBeanFactory.autowireConstructor(AbstractAutowireCapableBeanFactory.java:1382) ~[spring-beans-7.0.7.jar:7.0.7]
	at org.springframework.beans.factory.support.AbstractAutowireCapableBeanFactory.createBeanInstance(AbstractAutowireCapableBeanFactory.java:1221) ~[spring-beans-7.0.7.jar:7.0.7]
	at org.springframework.beans.factory.support.AbstractAutowireCapableBeanFactory.doCreateBean(AbstractAutowireCapableBeanFactory.java:565) ~[spring-beans-7.0.7.jar:7.0.7]
	at org.springframework.beans.factory.support.AbstractAutowireCapableBeanFactory.createBean(AbstractAutowireCapableBeanFactory.java:525) ~[spring-beans-7.0.7.jar:7.0.7]
	at org.springframework.beans.factory.support.AbstractBeanFactory.lambda$doGetBean$0(AbstractBeanFactory.java:333) ~[spring-beans-7.0.7.jar:7.0.7]
	at org.springframework.beans.factory.support.DefaultSingletonBeanRegistry.getSingleton(DefaultSingletonBeanRegistry.java:371) ~[spring-beans-7.0.7.jar:7.0.7]
	at org.springframework.beans.factory.support.AbstractBeanFactory.doGetBean(AbstractBeanFactory.java:331) ~[spring-beans-7.0.7.jar:7.0.7]
	at org.springframework.beans.factory.support.AbstractBeanFactory.getBean(AbstractBeanFactory.java:196) ~[spring-beans-7.0.7.jar:7.0.7]
	at org.springframework.beans.factory.support.DefaultListableBeanFactory.instantiateSingleton(DefaultListableBeanFactory.java:1218) ~[spring-beans-7.0.7.jar:7.0.7]
	at org.springframework.beans.factory.support.DefaultListableBeanFactory.preInstantiateSingleton(DefaultListableBeanFactory.java:1184) ~[spring-beans-7.0.7.jar:7.0.7]
	at org.springframework.beans.factory.support.DefaultListableBeanFactory.preInstantiateSingletons(DefaultListableBeanFactory.java:1121) ~[spring-beans-7.0.7.jar:7.0.7]
	at org.springframework.context.support.AbstractApplicationContext.finishBeanFactoryInitialization(AbstractApplicationContext.java:994) ~[spring-context-7.0.7.jar:7.0.7]
	at org.springframework.context.support.AbstractApplicationContext.refresh(AbstractApplicationContext.java:621) ~[spring-context-7.0.7.jar:7.0.7]
	at org.springframework.boot.SpringApplication.refresh(SpringApplication.java:756) ~[spring-boot-4.0.6.jar:4.0.6]
	at org.springframework.boot.SpringApplication.refreshContext(SpringApplication.java:445) ~[spring-boot-4.0.6.jar:4.0.6]
	at org.springframework.boot.SpringApplication.run(SpringApplication.java:321) ~[spring-boot-4.0.6.jar:4.0.6]
	at org.springframework.boot.SpringApplication.run(SpringApplication.java:1365) ~[spring-boot-4.0.6.jar:4.0.6]
	at org.springframework.boot.SpringApplication.run(SpringApplication.java:1354) ~[spring-boot-4.0.6.jar:4.0.6]
	at com.cognizant.cms.Application.main(Application.java:31) ~[classes/:na]
Caused by: org.springframework.beans.factory.BeanCreationException: Error creating bean with name 'contactRepository' defined in com.cognizant.cms.repositories.ContactRepository defined in @EnableJpaRepositories declared on DataJpaRepositoriesRegistrar.EnableJpaRepositoriesConfiguration: No property 'findContactNames' found for type 'Contact'
	at org.springframework.beans.factory.support.AbstractAutowireCapableBeanFactory.initializeBean(AbstractAutowireCapableBeanFactory.java:1817) ~[spring-beans-7.0.7.jar:7.0.7]
	at org.springframework.beans.factory.support.AbstractAutowireCapableBeanFactory.doCreateBean(AbstractAutowireCapableBeanFactory.java:603) ~[spring-beans-7.0.7.jar:7.0.7]
	at org.springframework.beans.factory.support.AbstractAutowireCapableBeanFactory.createBean(AbstractAutowireCapableBeanFactory.java:525) ~[spring-beans-7.0.7.jar:7.0.7]
	at org.springframework.beans.factory.support.AbstractBeanFactory.lambda$doGetBean$0(AbstractBeanFactory.java:333) ~[spring-beans-7.0.7.jar:7.0.7]
	at org.springframework.beans.factory.support.DefaultSingletonBeanRegistry.getSingleton(DefaultSingletonBeanRegistry.java:371) ~[spring-beans-7.0.7.jar:7.0.7]
	at org.springframework.beans.factory.support.AbstractBeanFactory.doGetBean(AbstractBeanFactory.java:331) ~[spring-beans-7.0.7.jar:7.0.7]
	at org.springframework.beans.factory.support.AbstractBeanFactory.getBean(AbstractBeanFactory.java:201) ~[spring-beans-7.0.7.jar:7.0.7]
	at org.springframework.beans.factory.config.DependencyDescriptor.resolveCandidate(DependencyDescriptor.java:229) ~[spring-beans-7.0.7.jar:7.0.7]
	at org.springframework.beans.factory.support.DefaultListableBeanFactory.doResolveDependency(DefaultListableBeanFactory.java:1762) ~[spring-beans-7.0.7.jar:7.0.7]
	at org.springframework.beans.factory.support.DefaultListableBeanFactory.resolveDependency(DefaultListableBeanFactory.java:1651) ~[spring-beans-7.0.7.jar:7.0.7]
	at org.springframework.beans.factory.support.ConstructorResolver.resolveAutowiredArgument(ConstructorResolver.java:912) ~[spring-beans-7.0.7.jar:7.0.7]
	at org.springframework.beans.factory.support.ConstructorResolver.createArgumentArray(ConstructorResolver.java:791) ~[spring-beans-7.0.7.jar:7.0.7]
	... 20 common frames omitted
Caused by: org.springframework.data.repository.query.QueryCreationException: Cannot create query for method [ContactRepository.findContactNames()]; No property 'findContactNames' found for type 'Contact'
	at org.springframework.data.repository.query.QueryCreationException.create(QueryCreationException.java:109) ~[spring-data-commons-4.0.5.jar:4.0.5]
	at org.springframework.data.jpa.repository.query.PartTreeJpaQuery.<init>(PartTreeJpaQuery.java:114) ~[spring-data-jpa-4.0.5.jar:4.0.5]
	at org.springframework.data.jpa.repository.query.JpaQueryLookupStrategy$CreateQueryLookupStrategy.resolveQuery(JpaQueryLookupStrategy.java:118) ~[spring-data-jpa-4.0.5.jar:4.0.5]
	at org.springframework.data.jpa.repository.query.JpaQueryLookupStrategy$CreateIfNotFoundQueryLookupStrategy.resolveQuery(JpaQueryLookupStrategy.java:291) ~[spring-data-jpa-4.0.5.jar:4.0.5]
	at org.springframework.data.jpa.repository.query.JpaQueryLookupStrategy$AbstractQueryLookupStrategy.resolveQuery(JpaQueryLookupStrategy.java:93) ~[spring-data-jpa-4.0.5.jar:4.0.5]
	at org.springframework.data.repository.core.support.QueryExecutorMethodInterceptor.lookupQuery(QueryExecutorMethodInterceptor.java:114) ~[spring-data-commons-4.0.5.jar:4.0.5]
	at org.springframework.data.repository.core.support.QueryExecutorMethodInterceptor.mapMethodsToQuery(QueryExecutorMethodInterceptor.java:102) ~[spring-data-commons-4.0.5.jar:4.0.5]
	at org.springframework.data.repository.core.support.QueryExecutorMethodInterceptor.<init>(QueryExecutorMethodInterceptor.java:90) ~[spring-data-commons-4.0.5.jar:4.0.5]
	at org.springframework.data.repository.core.support.RepositoryFactorySupport.getRepository(RepositoryFactorySupport.java:413) ~[spring-data-commons-4.0.5.jar:4.0.5]
	at org.springframework.data.repository.core.support.RepositoryFactoryBeanSupport.lambda$afterPropertiesSet$1(RepositoryFactoryBeanSupport.java:361) ~[spring-data-commons-4.0.5.jar:4.0.5]
	at org.springframework.data.util.Lazy.getNullable(Lazy.java:136) ~[spring-data-commons-4.0.5.jar:4.0.5]
	at org.springframework.data.util.Lazy.get(Lazy.java:114) ~[spring-data-commons-4.0.5.jar:4.0.5]
	at org.springframework.data.repository.core.support.RepositoryFactoryBeanSupport.afterPropertiesSet(RepositoryFactoryBeanSupport.java:370) ~[spring-data-commons-4.0.5.jar:4.0.5]
	at org.springframework.data.jpa.repository.support.JpaRepositoryFactoryBean.afterPropertiesSet(JpaRepositoryFactoryBean.java:212) ~[spring-data-jpa-4.0.5.jar:4.0.5]
	at org.springframework.beans.factory.support.AbstractAutowireCapableBeanFactory.invokeInitMethods(AbstractAutowireCapableBeanFactory.java:1864) ~[spring-beans-7.0.7.jar:7.0.7]
	at org.springframework.beans.factory.support.AbstractAutowireCapableBeanFactory.initializeBean(AbstractAutowireCapableBeanFactory.java:1813) ~[spring-beans-7.0.7.jar:7.0.7]
	... 31 common frames omitted
Caused by: org.springframework.data.core.PropertyReferenceException: No property 'findContactNames' found for type 'Contact'
	at org.springframework.data.core.SimplePropertyPath.<init>(SimplePropertyPath.java:93) ~[spring-data-commons-4.0.5.jar:4.0.5]
	at org.springframework.data.core.SimplePropertyPath.create(SimplePropertyPath.java:360) ~[spring-data-commons-4.0.5.jar:4.0.5]
	at org.springframework.data.core.SimplePropertyPath.create(SimplePropertyPath.java:335) ~[spring-data-commons-4.0.5.jar:4.0.5]
	at org.springframework.data.core.SimplePropertyPath.lambda$from$0(SimplePropertyPath.java:288) ~[spring-data-commons-4.0.5.jar:4.0.5]
	at org.springframework.util.ConcurrentReferenceHashMap$6.execute(ConcurrentReferenceHashMap.java:387) ~[spring-core-7.0.7.jar:7.0.7]
	at org.springframework.util.ConcurrentReferenceHashMap$Segment.doTask(ConcurrentReferenceHashMap.java:681) ~[spring-core-7.0.7.jar:7.0.7]
	at org.springframework.util.ConcurrentReferenceHashMap.doTask(ConcurrentReferenceHashMap.java:565) ~[spring-core-7.0.7.jar:7.0.7]
	at org.springframework.util.ConcurrentReferenceHashMap.computeIfAbsent(ConcurrentReferenceHashMap.java:381) ~[spring-core-7.0.7.jar:7.0.7]
	at org.springframework.data.core.SimplePropertyPath.from(SimplePropertyPath.java:270) ~[spring-data-commons-4.0.5.jar:4.0.5]
	at org.springframework.data.core.PropertyPath.from(PropertyPath.java:210) ~[spring-data-commons-4.0.5.jar:4.0.5]
	at org.springframework.data.core.PropertyPath.from(PropertyPath.java:193) ~[spring-data-commons-4.0.5.jar:4.0.5]
	at org.springframework.data.repository.query.parser.Part.<init>(Part.java:81) ~[spring-data-commons-4.0.5.jar:4.0.5]
	at org.springframework.data.repository.query.parser.PartTree$OrPart.lambda$new$0(PartTree.java:260) ~[spring-data-commons-4.0.5.jar:4.0.5]
	at java.base/java.util.stream.ReferencePipeline$3$1.accept(ReferencePipeline.java:197) ~[na:na]
	at java.base/java.util.stream.ReferencePipeline$2$1.accept(ReferencePipeline.java:179) ~[na:na]
	at java.base/java.util.Spliterators$ArraySpliterator.forEachRemaining(Spliterators.java:992) ~[na:na]
	at java.base/java.util.stream.AbstractPipeline.copyInto(AbstractPipeline.java:509) ~[na:na]
	at java.base/java.util.stream.AbstractPipeline.wrapAndCopyInto(AbstractPipeline.java:499) ~[na:na]
	at java.base/java.util.stream.ReduceOps$ReduceOp.evaluateSequential(ReduceOps.java:921) ~[na:na]
	at java.base/java.util.stream.AbstractPipeline.evaluate(AbstractPipeline.java:234) ~[na:na]
	at java.base/java.util.stream.ReferencePipeline.collect(ReferencePipeline.java:682) ~[na:na]
	at org.springframework.data.repository.query.parser.PartTree$OrPart.<init>(PartTree.java:261) ~[spring-data-commons-4.0.5.jar:4.0.5]
	at org.springframework.data.repository.query.parser.PartTree$Predicate.lambda$new$0(PartTree.java:390) ~[spring-data-commons-4.0.5.jar:4.0.5]
	at java.base/java.util.stream.ReferencePipeline$3$1.accept(ReferencePipeline.java:197) ~[na:na]
	at java.base/java.util.stream.ReferencePipeline$2$1.accept(ReferencePipeline.java:179) ~[na:na]
	at java.base/java.util.Spliterators$ArraySpliterator.forEachRemaining(Spliterators.java:992) ~[na:na]
	at java.base/java.util.stream.AbstractPipeline.copyInto(AbstractPipeline.java:509) ~[na:na]
	at java.base/java.util.stream.AbstractPipeline.wrapAndCopyInto(AbstractPipeline.java:499) ~[na:na]
	at java.base/java.util.stream.ReduceOps$ReduceOp.evaluateSequential(ReduceOps.java:921) ~[na:na]
	at java.base/java.util.stream.AbstractPipeline.evaluate(AbstractPipeline.java:234) ~[na:na]
	at java.base/java.util.stream.ReferencePipeline.collect(ReferencePipeline.java:682) ~[na:na]
	at org.springframework.data.repository.query.parser.PartTree$Predicate.<init>(PartTree.java:391) ~[spring-data-commons-4.0.5.jar:4.0.5]
	at org.springframework.data.repository.query.parser.PartTree.<init>(PartTree.java:101) ~[spring-data-commons-4.0.5.jar:4.0.5]
	at org.springframework.data.jpa.repository.query.PartTreeJpaQuery.<init>(PartTreeJpaQuery.java:108) ~[spring-data-jpa-4.0.5.jar:4.0.5]
	... 45 common frames omitted

2026-05-18T09:11:23.352+05:30  INFO 13036 --- [03.sb-data-finders] [main] com.cognizant.cms.Application            : Starting Application using Java 17.0.0.1 with PID 13036 (C:\cognizant\EPS26IPM020\spring\boot\data\03.sb-data-finders\target\classes started by Sunil Joseph in C:\cognizant\EPS26IPM020\spring\boot\data\03.sb-data-finders)
2026-05-18T09:11:23.357+05:30  INFO 13036 --- [03.sb-data-finders] [main] com.cognizant.cms.Application            : No active profile set, falling back to 1 default profile: "default"
2026-05-18T09:11:23.808+05:30  INFO 13036 --- [03.sb-data-finders] [main] .s.d.r.c.RepositoryConfigurationDelegate : Bootstrapping Spring Data JPA repositories in DEFAULT mode.
2026-05-18T09:11:23.868+05:30  INFO 13036 --- [03.sb-data-finders] [main] .s.d.r.c.RepositoryConfigurationDelegate : Finished Spring Data repository scanning in 48 ms. Found 1 JPA repository interface.
2026-05-18T09:11:24.124+05:30  INFO 13036 --- [03.sb-data-finders] [main] org.hibernate.orm.jpa                    : HHH008540: Processing PersistenceUnitInfo [name: default]
2026-05-18T09:11:24.180+05:30  INFO 13036 --- [03.sb-data-finders] [main] org.hibernate.orm.core                   : HHH000001: Hibernate ORM core version 7.2.12.Final
2026-05-18T09:11:24.612+05:30  INFO 13036 --- [03.sb-data-finders] [main] o.s.o.j.p.SpringPersistenceUnitInfo      : No LoadTimeWeaver setup: ignoring JPA class transformer
2026-05-18T09:11:24.647+05:30  INFO 13036 --- [03.sb-data-finders] [main] com.zaxxer.hikari.HikariDataSource       : HikariPool-1 - Starting...
2026-05-18T09:11:24.962+05:30  INFO 13036 --- [03.sb-data-finders] [main] com.zaxxer.hikari.pool.HikariPool        : HikariPool-1 - Added connection com.mysql.cj.jdbc.ConnectionImpl@786ff0ea
2026-05-18T09:11:24.964+05:30  INFO 13036 --- [03.sb-data-finders] [main] com.zaxxer.hikari.HikariDataSource       : HikariPool-1 - Start completed.
2026-05-18T09:11:25.036+05:30  INFO 13036 --- [03.sb-data-finders] [main] org.hibernate.orm.connections.pooling    : HHH10001005: Database info:
	Database JDBC URL [jdbc:mysql://localhost:3306/db_cognizant]
	Database driver: MySQL Connector/J
	Database dialect: MySQLDialect
	Database version: 8.0.34
	Default catalog/schema: db_cognizant/undefined
	Autocommit mode: undefined/unknown
	Isolation level: REPEATABLE_READ [default REPEATABLE_READ]
	JDBC fetch size: none
	Pool: DataSourceConnectionProvider
	Minimum pool size: undefined/unknown
	Maximum pool size: undefined/unknown
2026-05-18T09:11:25.774+05:30  INFO 13036 --- [03.sb-data-finders] [main] org.hibernate.orm.core                   : HHH000489: No JTA platform available (set 'hibernate.transaction.jta.platform' to enable JTA platform integration)
2026-05-18T09:11:25.827+05:30  INFO 13036 --- [03.sb-data-finders] [main] j.LocalContainerEntityManagerFactoryBean : Initialized JPA EntityManagerFactory for persistence unit 'default'
2026-05-18T09:11:25.898+05:30  INFO 13036 --- [03.sb-data-finders] [main] o.s.d.j.r.query.QueryEnhancerFactories   : Hibernate is in classpath; If applicable, HQL parser will be used.
2026-05-18T09:11:26.579+05:30  INFO 13036 --- [03.sb-data-finders] [main] com.cognizant.cms.Application            : Started Application in 3.668 seconds (process running for 4.332)
2026-05-18T09:11:26.732+05:30 ERROR 13036 --- [03.sb-data-finders] [main] com.cognizant.cms.Application            : no matching contact found!
2026-05-18T09:11:26.744+05:30  INFO 13036 --- [03.sb-data-finders] [main] com.cognizant.cms.Application            : Contact [105   | Kiran           | 7574968596]
2026-05-18T09:11:26.758+05:30 ERROR 13036 --- [03.sb-data-finders] [main] com.cognizant.cms.Application            : no matching contacts found
2026-05-18T09:11:26.781+05:30  INFO 13036 --- [03.sb-data-finders] [SpringApplicationShutdownHook] j.LocalContainerEntityManagerFactoryBean : Closing JPA EntityManagerFactory for persistence unit 'default'
2026-05-18T09:11:26.784+05:30  INFO 13036 --- [03.sb-data-finders] [SpringApplicationShutdownHook] com.zaxxer.hikari.HikariDataSource       : HikariPool-1 - Shutdown initiated...
2026-05-18T09:11:26.795+05:30  INFO 13036 --- [03.sb-data-finders] [SpringApplicationShutdownHook] com.zaxxer.hikari.HikariDataSource       : HikariPool-1 - Shutdown completed.
2026-05-18T09:13:21.050+05:30  INFO 1912 --- [03.sb-data-finders] [main] com.cognizant.cms.Application            : Starting Application using Java 17.0.0.1 with PID 1912 (C:\cognizant\EPS26IPM020\spring\boot\data\03.sb-data-finders\target\classes started by Sunil Joseph in C:\cognizant\EPS26IPM020\spring\boot\data\03.sb-data-finders)
2026-05-18T09:13:21.053+05:30  INFO 1912 --- [03.sb-data-finders] [main] com.cognizant.cms.Application            : No active profile set, falling back to 1 default profile: "default"
2026-05-18T09:13:21.465+05:30  INFO 1912 --- [03.sb-data-finders] [main] .s.d.r.c.RepositoryConfigurationDelegate : Bootstrapping Spring Data JPA repositories in DEFAULT mode.
2026-05-18T09:13:21.511+05:30  INFO 1912 --- [03.sb-data-finders] [main] .s.d.r.c.RepositoryConfigurationDelegate : Finished Spring Data repository scanning in 39 ms. Found 1 JPA repository interface.
2026-05-18T09:13:21.809+05:30  INFO 1912 --- [03.sb-data-finders] [main] org.hibernate.orm.jpa                    : HHH008540: Processing PersistenceUnitInfo [name: default]
2026-05-18T09:13:21.866+05:30  INFO 1912 --- [03.sb-data-finders] [main] org.hibernate.orm.core                   : HHH000001: Hibernate ORM core version 7.2.12.Final
2026-05-18T09:13:22.274+05:30  INFO 1912 --- [03.sb-data-finders] [main] o.s.o.j.p.SpringPersistenceUnitInfo      : No LoadTimeWeaver setup: ignoring JPA class transformer
2026-05-18T09:13:22.301+05:30  INFO 1912 --- [03.sb-data-finders] [main] com.zaxxer.hikari.HikariDataSource       : HikariPool-1 - Starting...
2026-05-18T09:13:22.578+05:30  INFO 1912 --- [03.sb-data-finders] [main] com.zaxxer.hikari.pool.HikariPool        : HikariPool-1 - Added connection com.mysql.cj.jdbc.ConnectionImpl@786ff0ea
2026-05-18T09:13:22.580+05:30  INFO 1912 --- [03.sb-data-finders] [main] com.zaxxer.hikari.HikariDataSource       : HikariPool-1 - Start completed.
2026-05-18T09:13:22.659+05:30  INFO 1912 --- [03.sb-data-finders] [main] org.hibernate.orm.connections.pooling    : HHH10001005: Database info:
	Database JDBC URL [jdbc:mysql://localhost:3306/db_cognizant]
	Database driver: MySQL Connector/J
	Database dialect: MySQLDialect
	Database version: 8.0.34
	Default catalog/schema: db_cognizant/undefined
	Autocommit mode: undefined/unknown
	Isolation level: REPEATABLE_READ [default REPEATABLE_READ]
	JDBC fetch size: none
	Pool: DataSourceConnectionProvider
	Minimum pool size: undefined/unknown
	Maximum pool size: undefined/unknown
2026-05-18T09:13:23.966+05:30  INFO 1912 --- [03.sb-data-finders] [main] org.hibernate.orm.core                   : HHH000489: No JTA platform available (set 'hibernate.transaction.jta.platform' to enable JTA platform integration)
2026-05-18T09:13:24.118+05:30  INFO 1912 --- [03.sb-data-finders] [main] j.LocalContainerEntityManagerFactoryBean : Initialized JPA EntityManagerFactory for persistence unit 'default'
2026-05-18T09:13:24.323+05:30  INFO 1912 --- [03.sb-data-finders] [main] o.s.d.j.r.query.QueryEnhancerFactories   : Hibernate is in classpath; If applicable, HQL parser will be used.
2026-05-18T09:13:25.009+05:30  INFO 1912 --- [03.sb-data-finders] [main] com.cognizant.cms.Application            : Started Application in 4.394 seconds (process running for 5.013)
2026-05-18T09:13:25.956+05:30 ERROR 1912 --- [03.sb-data-finders] [main] com.cognizant.cms.Application            : no matching contact found!
2026-05-18T09:13:25.982+05:30  INFO 1912 --- [03.sb-data-finders] [main] com.cognizant.cms.Application            : Contact [105   | Kiran           | 7574968596]
2026-05-18T09:13:26.007+05:30 ERROR 1912 --- [03.sb-data-finders] [main] com.cognizant.cms.Application            : no matching contacts found
2026-05-18T09:13:26.208+05:30  INFO 1912 --- [03.sb-data-finders] [SpringApplicationShutdownHook] j.LocalContainerEntityManagerFactoryBean : Closing JPA EntityManagerFactory for persistence unit 'default'
2026-05-18T09:13:26.213+05:30  INFO 1912 --- [03.sb-data-finders] [SpringApplicationShutdownHook] com.zaxxer.hikari.HikariDataSource       : HikariPool-1 - Shutdown initiated...
2026-05-18T09:13:26.240+05:30  INFO 1912 --- [03.sb-data-finders] [SpringApplicationShutdownHook] com.zaxxer.hikari.HikariDataSource       : HikariPool-1 - Shutdown completed.
2026-05-18T09:17:45.935+05:30  INFO 18504 --- [03.sb-data-finders] [main] com.cognizant.cms.Application            : Starting Application using Java 17.0.0.1 with PID 18504 (C:\cognizant\EPS26IPM020\spring\boot\data\03.sb-data-finders\target\classes started by Sunil Joseph in C:\cognizant\EPS26IPM020\spring\boot\data\03.sb-data-finders)
2026-05-18T09:17:45.938+05:30  INFO 18504 --- [03.sb-data-finders] [main] com.cognizant.cms.Application            : No active profile set, falling back to 1 default profile: "default"
2026-05-18T09:17:46.373+05:30  INFO 18504 --- [03.sb-data-finders] [main] .s.d.r.c.RepositoryConfigurationDelegate : Bootstrapping Spring Data JPA repositories in DEFAULT mode.
2026-05-18T09:17:46.416+05:30  INFO 18504 --- [03.sb-data-finders] [main] .s.d.r.c.RepositoryConfigurationDelegate : Finished Spring Data repository scanning in 36 ms. Found 1 JPA repository interface.
2026-05-18T09:17:46.665+05:30  INFO 18504 --- [03.sb-data-finders] [main] org.hibernate.orm.jpa                    : HHH008540: Processing PersistenceUnitInfo [name: default]
2026-05-18T09:17:46.733+05:30  INFO 18504 --- [03.sb-data-finders] [main] org.hibernate.orm.core                   : HHH000001: Hibernate ORM core version 7.2.12.Final
2026-05-18T09:17:47.197+05:30  INFO 18504 --- [03.sb-data-finders] [main] o.s.o.j.p.SpringPersistenceUnitInfo      : No LoadTimeWeaver setup: ignoring JPA class transformer
2026-05-18T09:17:47.225+05:30  INFO 18504 --- [03.sb-data-finders] [main] com.zaxxer.hikari.HikariDataSource       : HikariPool-1 - Starting...
2026-05-18T09:17:47.559+05:30  INFO 18504 --- [03.sb-data-finders] [main] com.zaxxer.hikari.pool.HikariPool        : HikariPool-1 - Added connection com.mysql.cj.jdbc.ConnectionImpl@60816371
2026-05-18T09:17:47.561+05:30  INFO 18504 --- [03.sb-data-finders] [main] com.zaxxer.hikari.HikariDataSource       : HikariPool-1 - Start completed.
2026-05-18T09:17:47.649+05:30  INFO 18504 --- [03.sb-data-finders] [main] org.hibernate.orm.connections.pooling    : HHH10001005: Database info:
	Database JDBC URL [jdbc:mysql://localhost:3306/db_cognizant]
	Database driver: MySQL Connector/J
	Database dialect: MySQLDialect
	Database version: 8.0.34
	Default catalog/schema: db_cognizant/undefined
	Autocommit mode: undefined/unknown
	Isolation level: REPEATABLE_READ [default REPEATABLE_READ]
	JDBC fetch size: none
	Pool: DataSourceConnectionProvider
	Minimum pool size: undefined/unknown
	Maximum pool size: undefined/unknown
2026-05-18T09:17:48.385+05:30  INFO 18504 --- [03.sb-data-finders] [main] org.hibernate.orm.core                   : HHH000489: No JTA platform available (set 'hibernate.transaction.jta.platform' to enable JTA platform integration)
2026-05-18T09:17:48.440+05:30  INFO 18504 --- [03.sb-data-finders] [main] j.LocalContainerEntityManagerFactoryBean : Initialized JPA EntityManagerFactory for persistence unit 'default'
2026-05-18T09:17:48.505+05:30  INFO 18504 --- [03.sb-data-finders] [main] o.s.d.j.r.query.QueryEnhancerFactories   : Hibernate is in classpath; If applicable, HQL parser will be used.
2026-05-18T09:17:49.095+05:30  INFO 18504 --- [03.sb-data-finders] [main] com.cognizant.cms.Application            : Started Application in 3.604 seconds (process running for 4.194)
2026-05-18T09:17:49.236+05:30 ERROR 18504 --- [03.sb-data-finders] [main] com.cognizant.cms.Application            : no matching contact found!
2026-05-18T09:17:49.249+05:30  INFO 18504 --- [03.sb-data-finders] [main] com.cognizant.cms.Application            : Contact [105   | Kiran           | 7574968596]
2026-05-18T09:17:49.275+05:30 ERROR 18504 --- [03.sb-data-finders] [main] com.cognizant.cms.Application            : no matching contacts found
2026-05-18T09:17:49.346+05:30 ERROR 18504 --- [03.sb-data-finders] [main] com.cognizant.cms.Application            : no matching contact for contact Name: Soujanya
2026-05-18T09:17:49.356+05:30  INFO 18504 --- [03.sb-data-finders] [SpringApplicationShutdownHook] j.LocalContainerEntityManagerFactoryBean : Closing JPA EntityManagerFactory for persistence unit 'default'
2026-05-18T09:17:49.359+05:30  INFO 18504 --- [03.sb-data-finders] [SpringApplicationShutdownHook] com.zaxxer.hikari.HikariDataSource       : HikariPool-1 - Shutdown initiated...
2026-05-18T09:17:49.377+05:30  INFO 18504 --- [03.sb-data-finders] [SpringApplicationShutdownHook] com.zaxxer.hikari.HikariDataSource       : HikariPool-1 - Shutdown completed.
2026-05-18T09:18:15.799+05:30  INFO 16476 --- [03.sb-data-finders] [main] com.cognizant.cms.Application            : Starting Application using Java 17.0.0.1 with PID 16476 (C:\cognizant\EPS26IPM020\spring\boot\data\03.sb-data-finders\target\classes started by Sunil Joseph in C:\cognizant\EPS26IPM020\spring\boot\data\03.sb-data-finders)
2026-05-18T09:18:15.803+05:30  INFO 16476 --- [03.sb-data-finders] [main] com.cognizant.cms.Application            : No active profile set, falling back to 1 default profile: "default"
2026-05-18T09:18:16.244+05:30  INFO 16476 --- [03.sb-data-finders] [main] .s.d.r.c.RepositoryConfigurationDelegate : Bootstrapping Spring Data JPA repositories in DEFAULT mode.
2026-05-18T09:18:16.293+05:30  INFO 16476 --- [03.sb-data-finders] [main] .s.d.r.c.RepositoryConfigurationDelegate : Finished Spring Data repository scanning in 38 ms. Found 1 JPA repository interface.
2026-05-18T09:18:16.541+05:30  INFO 16476 --- [03.sb-data-finders] [main] org.hibernate.orm.jpa                    : HHH008540: Processing PersistenceUnitInfo [name: default]
2026-05-18T09:18:16.609+05:30  INFO 16476 --- [03.sb-data-finders] [main] org.hibernate.orm.core                   : HHH000001: Hibernate ORM core version 7.2.12.Final
2026-05-18T09:18:17.004+05:30  INFO 16476 --- [03.sb-data-finders] [main] o.s.o.j.p.SpringPersistenceUnitInfo      : No LoadTimeWeaver setup: ignoring JPA class transformer
2026-05-18T09:18:17.041+05:30  INFO 16476 --- [03.sb-data-finders] [main] com.zaxxer.hikari.HikariDataSource       : HikariPool-1 - Starting...
2026-05-18T09:18:17.348+05:30  INFO 16476 --- [03.sb-data-finders] [main] com.zaxxer.hikari.pool.HikariPool        : HikariPool-1 - Added connection com.mysql.cj.jdbc.ConnectionImpl@786ff0ea
2026-05-18T09:18:17.350+05:30  INFO 16476 --- [03.sb-data-finders] [main] com.zaxxer.hikari.HikariDataSource       : HikariPool-1 - Start completed.
2026-05-18T09:18:17.441+05:30  INFO 16476 --- [03.sb-data-finders] [main] org.hibernate.orm.connections.pooling    : HHH10001005: Database info:
	Database JDBC URL [jdbc:mysql://localhost:3306/db_cognizant]
	Database driver: MySQL Connector/J
	Database dialect: MySQLDialect
	Database version: 8.0.34
	Default catalog/schema: db_cognizant/undefined
	Autocommit mode: undefined/unknown
	Isolation level: REPEATABLE_READ [default REPEATABLE_READ]
	JDBC fetch size: none
	Pool: DataSourceConnectionProvider
	Minimum pool size: undefined/unknown
	Maximum pool size: undefined/unknown
2026-05-18T09:18:18.198+05:30  INFO 16476 --- [03.sb-data-finders] [main] org.hibernate.orm.core                   : HHH000489: No JTA platform available (set 'hibernate.transaction.jta.platform' to enable JTA platform integration)
2026-05-18T09:18:18.280+05:30  INFO 16476 --- [03.sb-data-finders] [main] j.LocalContainerEntityManagerFactoryBean : Initialized JPA EntityManagerFactory for persistence unit 'default'
2026-05-18T09:18:18.362+05:30  INFO 16476 --- [03.sb-data-finders] [main] o.s.d.j.r.query.QueryEnhancerFactories   : Hibernate is in classpath; If applicable, HQL parser will be used.
2026-05-18T09:18:19.005+05:30  INFO 16476 --- [03.sb-data-finders] [main] com.cognizant.cms.Application            : Started Application in 3.649 seconds (process running for 4.224)
2026-05-18T09:18:19.143+05:30 ERROR 16476 --- [03.sb-data-finders] [main] com.cognizant.cms.Application            : no matching contact found!
2026-05-18T09:18:19.157+05:30  INFO 16476 --- [03.sb-data-finders] [main] com.cognizant.cms.Application            : Contact [105   | Kiran           | 7574968596]
2026-05-18T09:18:19.170+05:30 ERROR 16476 --- [03.sb-data-finders] [main] com.cognizant.cms.Application            : no matching contacts found
2026-05-18T09:18:19.245+05:30  INFO 16476 --- [03.sb-data-finders] [SpringApplicationShutdownHook] j.LocalContainerEntityManagerFactoryBean : Closing JPA EntityManagerFactory for persistence unit 'default'
2026-05-18T09:18:19.249+05:30  INFO 16476 --- [03.sb-data-finders] [SpringApplicationShutdownHook] com.zaxxer.hikari.HikariDataSource       : HikariPool-1 - Shutdown initiated...
2026-05-18T09:18:19.262+05:30  INFO 16476 --- [03.sb-data-finders] [SpringApplicationShutdownHook] com.zaxxer.hikari.HikariDataSource       : HikariPool-1 - Shutdown completed.
2026-05-18T09:20:20.810+05:30  INFO 27084 --- [03.sb-data-finders] [main] com.cognizant.cms.Application            : Starting Application using Java 17.0.0.1 with PID 27084 (C:\cognizant\EPS26IPM020\spring\boot\data\03.sb-data-finders\target\classes started by Sunil Joseph in C:\cognizant\EPS26IPM020\spring\boot\data\03.sb-data-finders)
2026-05-18T09:20:20.813+05:30  INFO 27084 --- [03.sb-data-finders] [main] com.cognizant.cms.Application            : No active profile set, falling back to 1 default profile: "default"
2026-05-18T09:20:21.236+05:30  INFO 27084 --- [03.sb-data-finders] [main] .s.d.r.c.RepositoryConfigurationDelegate : Bootstrapping Spring Data JPA repositories in DEFAULT mode.
2026-05-18T09:20:21.281+05:30  INFO 27084 --- [03.sb-data-finders] [main] .s.d.r.c.RepositoryConfigurationDelegate : Finished Spring Data repository scanning in 36 ms. Found 1 JPA repository interface.
2026-05-18T09:20:21.523+05:30  INFO 27084 --- [03.sb-data-finders] [main] org.hibernate.orm.jpa                    : HHH008540: Processing PersistenceUnitInfo [name: default]
2026-05-18T09:20:21.588+05:30  INFO 27084 --- [03.sb-data-finders] [main] org.hibernate.orm.core                   : HHH000001: Hibernate ORM core version 7.2.12.Final
2026-05-18T09:20:21.988+05:30  INFO 27084 --- [03.sb-data-finders] [main] o.s.o.j.p.SpringPersistenceUnitInfo      : No LoadTimeWeaver setup: ignoring JPA class transformer
2026-05-18T09:20:22.021+05:30  INFO 27084 --- [03.sb-data-finders] [main] com.zaxxer.hikari.HikariDataSource       : HikariPool-1 - Starting...
2026-05-18T09:20:22.304+05:30  INFO 27084 --- [03.sb-data-finders] [main] com.zaxxer.hikari.pool.HikariPool        : HikariPool-1 - Added connection com.mysql.cj.jdbc.ConnectionImpl@786ff0ea
2026-05-18T09:20:22.306+05:30  INFO 27084 --- [03.sb-data-finders] [main] com.zaxxer.hikari.HikariDataSource       : HikariPool-1 - Start completed.
2026-05-18T09:20:22.397+05:30  INFO 27084 --- [03.sb-data-finders] [main] org.hibernate.orm.connections.pooling    : HHH10001005: Database info:
	Database JDBC URL [jdbc:mysql://localhost:3306/db_cognizant]
	Database driver: MySQL Connector/J
	Database dialect: MySQLDialect
	Database version: 8.0.34
	Default catalog/schema: db_cognizant/undefined
	Autocommit mode: undefined/unknown
	Isolation level: REPEATABLE_READ [default REPEATABLE_READ]
	JDBC fetch size: none
	Pool: DataSourceConnectionProvider
	Minimum pool size: undefined/unknown
	Maximum pool size: undefined/unknown
2026-05-18T09:20:23.136+05:30  INFO 27084 --- [03.sb-data-finders] [main] org.hibernate.orm.core                   : HHH000489: No JTA platform available (set 'hibernate.transaction.jta.platform' to enable JTA platform integration)
2026-05-18T09:20:23.197+05:30  INFO 27084 --- [03.sb-data-finders] [main] j.LocalContainerEntityManagerFactoryBean : Initialized JPA EntityManagerFactory for persistence unit 'default'
2026-05-18T09:20:23.263+05:30  INFO 27084 --- [03.sb-data-finders] [main] o.s.d.j.r.query.QueryEnhancerFactories   : Hibernate is in classpath; If applicable, HQL parser will be used.
2026-05-18T09:20:23.876+05:30  INFO 27084 --- [03.sb-data-finders] [main] com.cognizant.cms.Application            : Started Application in 3.501 seconds (process running for 4.105)
2026-05-18T09:20:24.031+05:30 ERROR 27084 --- [03.sb-data-finders] [main] com.cognizant.cms.Application            : no matching contact found!
2026-05-18T09:20:24.042+05:30  INFO 27084 --- [03.sb-data-finders] [main] com.cognizant.cms.Application            : Contact [105   | Kiran           | 7574968596]
2026-05-18T09:20:24.055+05:30 ERROR 27084 --- [03.sb-data-finders] [main] com.cognizant.cms.Application            : no matching contacts found
2026-05-18T09:20:24.131+05:30  INFO 27084 --- [03.sb-data-finders] [SpringApplicationShutdownHook] j.LocalContainerEntityManagerFactoryBean : Closing JPA EntityManagerFactory for persistence unit 'default'
2026-05-18T09:20:24.133+05:30  INFO 27084 --- [03.sb-data-finders] [SpringApplicationShutdownHook] com.zaxxer.hikari.HikariDataSource       : HikariPool-1 - Shutdown initiated...
2026-05-18T09:20:24.147+05:30  INFO 27084 --- [03.sb-data-finders] [SpringApplicationShutdownHook] com.zaxxer.hikari.HikariDataSource       : HikariPool-1 - Shutdown completed.
2026-05-18T09:24:31.722+05:30  INFO 25816 --- [03.sb-data-finders] [main] com.cognizant.cms.Application            : Starting Application using Java 17.0.0.1 with PID 25816 (C:\cognizant\EPS26IPM020\spring\boot\data\03.sb-data-finders\target\classes started by Sunil Joseph in C:\cognizant\EPS26IPM020\spring\boot\data\03.sb-data-finders)
2026-05-18T09:24:31.726+05:30  INFO 25816 --- [03.sb-data-finders] [main] com.cognizant.cms.Application            : No active profile set, falling back to 1 default profile: "default"
2026-05-18T09:24:32.155+05:30  INFO 25816 --- [03.sb-data-finders] [main] .s.d.r.c.RepositoryConfigurationDelegate : Bootstrapping Spring Data JPA repositories in DEFAULT mode.
2026-05-18T09:24:32.197+05:30  INFO 25816 --- [03.sb-data-finders] [main] .s.d.r.c.RepositoryConfigurationDelegate : Finished Spring Data repository scanning in 33 ms. Found 1 JPA repository interface.
2026-05-18T09:24:32.490+05:30  INFO 25816 --- [03.sb-data-finders] [main] org.hibernate.orm.jpa                    : HHH008540: Processing PersistenceUnitInfo [name: default]
2026-05-18T09:24:32.588+05:30  INFO 25816 --- [03.sb-data-finders] [main] org.hibernate.orm.core                   : HHH000001: Hibernate ORM core version 7.2.12.Final
2026-05-18T09:24:33.102+05:30  INFO 25816 --- [03.sb-data-finders] [main] o.s.o.j.p.SpringPersistenceUnitInfo      : No LoadTimeWeaver setup: ignoring JPA class transformer
2026-05-18T09:24:33.144+05:30  INFO 25816 --- [03.sb-data-finders] [main] com.zaxxer.hikari.HikariDataSource       : HikariPool-1 - Starting...
2026-05-18T09:24:33.471+05:30  INFO 25816 --- [03.sb-data-finders] [main] com.zaxxer.hikari.pool.HikariPool        : HikariPool-1 - Added connection com.mysql.cj.jdbc.ConnectionImpl@75dd0f94
2026-05-18T09:24:33.473+05:30  INFO 25816 --- [03.sb-data-finders] [main] com.zaxxer.hikari.HikariDataSource       : HikariPool-1 - Start completed.
2026-05-18T09:24:33.567+05:30  INFO 25816 --- [03.sb-data-finders] [main] org.hibernate.orm.connections.pooling    : HHH10001005: Database info:
	Database JDBC URL [jdbc:mysql://localhost:3306/db_cognizant]
	Database driver: MySQL Connector/J
	Database dialect: MySQLDialect
	Database version: 8.0.34
	Default catalog/schema: db_cognizant/undefined
	Autocommit mode: undefined/unknown
	Isolation level: REPEATABLE_READ [default REPEATABLE_READ]
	JDBC fetch size: none
	Pool: DataSourceConnectionProvider
	Minimum pool size: undefined/unknown
	Maximum pool size: undefined/unknown
2026-05-18T09:24:34.284+05:30  INFO 25816 --- [03.sb-data-finders] [main] org.hibernate.orm.core                   : HHH000489: No JTA platform available (set 'hibernate.transaction.jta.platform' to enable JTA platform integration)
2026-05-18T09:24:34.362+05:30  INFO 25816 --- [03.sb-data-finders] [main] j.LocalContainerEntityManagerFactoryBean : Initialized JPA EntityManagerFactory for persistence unit 'default'
2026-05-18T09:24:34.443+05:30  INFO 25816 --- [03.sb-data-finders] [main] o.s.d.j.r.query.QueryEnhancerFactories   : Hibernate is in classpath; If applicable, HQL parser will be used.
2026-05-18T09:24:35.069+05:30  INFO 25816 --- [03.sb-data-finders] [main] com.cognizant.cms.Application            : Started Application in 3.783 seconds (process running for 4.372)
2026-05-18T09:24:35.200+05:30 ERROR 25816 --- [03.sb-data-finders] [main] com.cognizant.cms.Application            : no matching contact found!
2026-05-18T09:24:35.215+05:30  INFO 25816 --- [03.sb-data-finders] [main] com.cognizant.cms.Application            : Contact [105   | Kiran           | 7574968596]
2026-05-18T09:24:35.229+05:30 ERROR 25816 --- [03.sb-data-finders] [main] com.cognizant.cms.Application            : no matching contacts found
2026-05-18T09:24:35.323+05:30  INFO 25816 --- [03.sb-data-finders] [SpringApplicationShutdownHook] j.LocalContainerEntityManagerFactoryBean : Closing JPA EntityManagerFactory for persistence unit 'default'
2026-05-18T09:24:35.325+05:30  INFO 25816 --- [03.sb-data-finders] [SpringApplicationShutdownHook] com.zaxxer.hikari.HikariDataSource       : HikariPool-1 - Shutdown initiated...
2026-05-18T09:24:35.335+05:30  INFO 25816 --- [03.sb-data-finders] [SpringApplicationShutdownHook] com.zaxxer.hikari.HikariDataSource       : HikariPool-1 - Shutdown completed.
2026-05-18T09:27:12.661+05:30  INFO 22036 --- [03.sb-data-finders] [main] com.cognizant.cms.Application            : Starting Application using Java 17.0.0.1 with PID 22036 (C:\cognizant\EPS26IPM020\spring\boot\data\03.sb-data-finders\target\classes started by Sunil Joseph in C:\cognizant\EPS26IPM020\spring\boot\data\03.sb-data-finders)
2026-05-18T09:27:12.664+05:30  INFO 22036 --- [03.sb-data-finders] [main] com.cognizant.cms.Application            : No active profile set, falling back to 1 default profile: "default"
2026-05-18T09:27:13.065+05:30  INFO 22036 --- [03.sb-data-finders] [main] .s.d.r.c.RepositoryConfigurationDelegate : Bootstrapping Spring Data JPA repositories in DEFAULT mode.
2026-05-18T09:27:13.105+05:30  INFO 22036 --- [03.sb-data-finders] [main] .s.d.r.c.RepositoryConfigurationDelegate : Finished Spring Data repository scanning in 33 ms. Found 1 JPA repository interface.
2026-05-18T09:27:13.334+05:30  INFO 22036 --- [03.sb-data-finders] [main] org.hibernate.orm.jpa                    : HHH008540: Processing PersistenceUnitInfo [name: default]
2026-05-18T09:27:13.388+05:30  INFO 22036 --- [03.sb-data-finders] [main] org.hibernate.orm.core                   : HHH000001: Hibernate ORM core version 7.2.12.Final
2026-05-18T09:27:13.806+05:30  INFO 22036 --- [03.sb-data-finders] [main] o.s.o.j.p.SpringPersistenceUnitInfo      : No LoadTimeWeaver setup: ignoring JPA class transformer
2026-05-18T09:27:13.842+05:30  INFO 22036 --- [03.sb-data-finders] [main] com.zaxxer.hikari.HikariDataSource       : HikariPool-1 - Starting...
2026-05-18T09:27:14.148+05:30  INFO 22036 --- [03.sb-data-finders] [main] com.zaxxer.hikari.pool.HikariPool        : HikariPool-1 - Added connection com.mysql.cj.jdbc.ConnectionImpl@72324965
2026-05-18T09:27:14.150+05:30  INFO 22036 --- [03.sb-data-finders] [main] com.zaxxer.hikari.HikariDataSource       : HikariPool-1 - Start completed.
2026-05-18T09:27:14.229+05:30  INFO 22036 --- [03.sb-data-finders] [main] org.hibernate.orm.connections.pooling    : HHH10001005: Database info:
	Database JDBC URL [jdbc:mysql://localhost:3306/db_cognizant]
	Database driver: MySQL Connector/J
	Database dialect: MySQLDialect
	Database version: 8.0.34
	Default catalog/schema: db_cognizant/undefined
	Autocommit mode: undefined/unknown
	Isolation level: REPEATABLE_READ [default REPEATABLE_READ]
	JDBC fetch size: none
	Pool: DataSourceConnectionProvider
	Minimum pool size: undefined/unknown
	Maximum pool size: undefined/unknown
2026-05-18T09:27:14.892+05:30  INFO 22036 --- [03.sb-data-finders] [main] org.hibernate.orm.core                   : HHH000489: No JTA platform available (set 'hibernate.transaction.jta.platform' to enable JTA platform integration)
2026-05-18T09:27:14.945+05:30  INFO 22036 --- [03.sb-data-finders] [main] j.LocalContainerEntityManagerFactoryBean : Initialized JPA EntityManagerFactory for persistence unit 'default'
2026-05-18T09:27:15.017+05:30  INFO 22036 --- [03.sb-data-finders] [main] o.s.d.j.r.query.QueryEnhancerFactories   : Hibernate is in classpath; If applicable, HQL parser will be used.
2026-05-18T09:27:15.613+05:30  INFO 22036 --- [03.sb-data-finders] [main] com.cognizant.cms.Application            : Started Application in 3.356 seconds (process running for 3.929)
2026-05-18T09:27:15.736+05:30 ERROR 22036 --- [03.sb-data-finders] [main] com.cognizant.cms.Application            : no matching contact found!
2026-05-18T09:27:15.748+05:30  INFO 22036 --- [03.sb-data-finders] [main] com.cognizant.cms.Application            : Contact [105   | Kiran           | 7574968596]
2026-05-18T09:27:15.760+05:30 ERROR 22036 --- [03.sb-data-finders] [main] com.cognizant.cms.Application            : no matching contacts found
2026-05-18T09:27:15.836+05:30  INFO 22036 --- [03.sb-data-finders] [main] .s.b.a.l.ConditionEvaluationReportLogger : 

Error starting ApplicationContext. To display the condition evaluation report re-run your application with 'debug' enabled.
2026-05-18T09:27:15.857+05:30 ERROR 22036 --- [03.sb-data-finders] [main] o.s.boot.SpringApplication               : Application run failed

org.springframework.dao.InvalidDataAccessApiUsageException: Query executed via 'getResultList()' or 'getSingleResult()' must be a 'select' query [update com.cognizant.cms.entities.Contact set contactNumber = :cno where contactId = :cid]
	at org.springframework.orm.jpa.EntityManagerFactoryUtils.convertJpaAccessExceptionIfPossible(EntityManagerFactoryUtils.java:461) ~[spring-orm-7.0.7.jar:7.0.7]
	at org.springframework.orm.jpa.hibernate.HibernateExceptionTranslator.translateExceptionIfPossible(HibernateExceptionTranslator.java:112) ~[spring-orm-7.0.7.jar:7.0.7]
	at org.springframework.orm.jpa.vendor.HibernateJpaDialect.translateExceptionIfPossible(HibernateJpaDialect.java:223) ~[spring-orm-7.0.7.jar:7.0.7]
	at org.springframework.orm.jpa.AbstractEntityManagerFactoryBean.translateExceptionIfPossible(AbstractEntityManagerFactoryBean.java:576) ~[spring-orm-7.0.7.jar:7.0.7]
	at org.springframework.dao.support.ChainedPersistenceExceptionTranslator.translateExceptionIfPossible(ChainedPersistenceExceptionTranslator.java:61) ~[spring-tx-7.0.7.jar:7.0.7]
	at org.springframework.dao.support.DataAccessUtils.translateIfNecessary(DataAccessUtils.java:346) ~[spring-tx-7.0.7.jar:7.0.7]
	at org.springframework.dao.support.PersistenceExceptionTranslationInterceptor.invoke(PersistenceExceptionTranslationInterceptor.java:157) ~[spring-tx-7.0.7.jar:7.0.7]
	at org.springframework.aop.framework.ReflectiveMethodInvocation.proceed(ReflectiveMethodInvocation.java:179) ~[spring-aop-7.0.7.jar:7.0.7]
	at org.springframework.data.jpa.repository.support.CrudMethodMetadataPostProcessor$CrudMethodMetadataPopulatingMethodInterceptor.invoke(CrudMethodMetadataPostProcessor.java:137) ~[spring-data-jpa-4.0.5.jar:4.0.5]
	at org.springframework.aop.framework.ReflectiveMethodInvocation.proceed(ReflectiveMethodInvocation.java:179) ~[spring-aop-7.0.7.jar:7.0.7]
	at org.springframework.aop.framework.JdkDynamicAopProxy.invoke(JdkDynamicAopProxy.java:222) ~[spring-aop-7.0.7.jar:7.0.7]
	at jdk.proxy2/jdk.proxy2.$Proxy107.modifyContactNumber(Unknown Source) ~[na:na]
	at com.cognizant.cms.Application.run(Application.java:85) ~[classes/:na]
	at org.springframework.boot.SpringApplication.lambda$callRunner$1(SpringApplication.java:792) ~[spring-boot-4.0.6.jar:4.0.6]
	at org.springframework.util.function.ThrowingConsumer$1.acceptWithException(ThrowingConsumer.java:82) ~[spring-core-7.0.7.jar:7.0.7]
	at org.springframework.util.function.ThrowingConsumer.accept(ThrowingConsumer.java:60) ~[spring-core-7.0.7.jar:7.0.7]
	at org.springframework.util.function.ThrowingConsumer$1.accept(ThrowingConsumer.java:86) ~[spring-core-7.0.7.jar:7.0.7]
	at org.springframework.boot.SpringApplication.callRunner(SpringApplication.java:800) ~[spring-boot-4.0.6.jar:4.0.6]
	at org.springframework.boot.SpringApplication.callRunner(SpringApplication.java:791) ~[spring-boot-4.0.6.jar:4.0.6]
	at org.springframework.boot.SpringApplication.lambda$callRunners$0(SpringApplication.java:776) ~[spring-boot-4.0.6.jar:4.0.6]
	at java.base/java.util.stream.ForEachOps$ForEachOp$OfRef.accept(ForEachOps.java:183) ~[na:na]
	at java.base/java.util.stream.SortedOps$SizedRefSortingSink.end(SortedOps.java:357) ~[na:na]
	at java.base/java.util.stream.AbstractPipeline.copyInto(AbstractPipeline.java:510) ~[na:na]
	at java.base/java.util.stream.AbstractPipeline.wrapAndCopyInto(AbstractPipeline.java:499) ~[na:na]
	at java.base/java.util.stream.ForEachOps$ForEachOp.evaluateSequential(ForEachOps.java:150) ~[na:na]
	at java.base/java.util.stream.ForEachOps$ForEachOp$OfRef.evaluateSequential(ForEachOps.java:173) ~[na:na]
	at java.base/java.util.stream.AbstractPipeline.evaluate(AbstractPipeline.java:234) ~[na:na]
	at java.base/java.util.stream.ReferencePipeline.forEach(ReferencePipeline.java:596) ~[na:na]
	at org.springframework.boot.SpringApplication.callRunners(SpringApplication.java:776) ~[spring-boot-4.0.6.jar:4.0.6]
	at org.springframework.boot.SpringApplication.run(SpringApplication.java:328) ~[spring-boot-4.0.6.jar:4.0.6]
	at org.springframework.boot.SpringApplication.run(SpringApplication.java:1365) ~[spring-boot-4.0.6.jar:4.0.6]
	at org.springframework.boot.SpringApplication.run(SpringApplication.java:1354) ~[spring-boot-4.0.6.jar:4.0.6]
	at com.cognizant.cms.Application.main(Application.java:31) ~[classes/:na]
Caused by: java.lang.IllegalStateException: Query executed via 'getResultList()' or 'getSingleResult()' must be a 'select' query [update com.cognizant.cms.entities.Contact set contactNumber = :cno where contactId = :cid]
	at org.hibernate.query.sqm.internal.SqmQueryImpl.verifySelect(SqmQueryImpl.java:345) ~[hibernate-core-7.2.12.Final.jar:7.2.12.Final]
	at org.hibernate.query.sqm.internal.SqmQueryImpl.doList(SqmQueryImpl.java:365) ~[hibernate-core-7.2.12.Final.jar:7.2.12.Final]
	at org.hibernate.query.spi.AbstractSelectionQuery.list(AbstractSelectionQuery.java:153) ~[hibernate-core-7.2.12.Final.jar:7.2.12.Final]
	at org.hibernate.query.spi.AbstractSelectionQuery.getSingleResultOrNull(AbstractSelectionQuery.java:330) ~[hibernate-core-7.2.12.Final.jar:7.2.12.Final]
	at java.base/jdk.internal.reflect.NativeMethodAccessorImpl.invoke0(Native Method) ~[na:na]
	at java.base/jdk.internal.reflect.NativeMethodAccessorImpl.invoke(NativeMethodAccessorImpl.java:77) ~[na:na]
	at java.base/jdk.internal.reflect.DelegatingMethodAccessorImpl.invoke(DelegatingMethodAccessorImpl.java:43) ~[na:na]
	at java.base/java.lang.reflect.Method.invoke(Method.java:568) ~[na:na]
	at org.springframework.orm.jpa.SharedEntityManagerCreator$DeferredQueryInvocationHandler.invoke(SharedEntityManagerCreator.java:557) ~[spring-orm-7.0.7.jar:7.0.7]
	at jdk.proxy2/jdk.proxy2.$Proxy112.getSingleResultOrNull(Unknown Source) ~[na:na]
	at org.springframework.data.jpa.repository.query.JpaQueryExecution$SingleEntityExecution.doExecute(JpaQueryExecution.java:328) ~[spring-data-jpa-4.0.5.jar:4.0.5]
	at org.springframework.data.jpa.repository.query.JpaQueryExecution.execute(JpaQueryExecution.java:99) ~[spring-data-jpa-4.0.5.jar:4.0.5]
	at org.springframework.data.jpa.repository.query.AbstractJpaQuery.doExecute(AbstractJpaQuery.java:164) ~[spring-data-jpa-4.0.5.jar:4.0.5]
	at org.springframework.data.jpa.repository.query.AbstractJpaQuery.execute(AbstractJpaQuery.java:154) ~[spring-data-jpa-4.0.5.jar:4.0.5]
	at org.springframework.data.repository.core.support.RepositoryMethodInvoker.doInvoke(RepositoryMethodInvoker.java:169) ~[spring-data-commons-4.0.5.jar:4.0.5]
	at org.springframework.data.repository.core.support.RepositoryMethodInvoker.invoke(RepositoryMethodInvoker.java:158) ~[spring-data-commons-4.0.5.jar:4.0.5]
	at org.springframework.data.repository.core.support.QueryExecutorMethodInterceptor.doInvoke(QueryExecutorMethodInterceptor.java:167) ~[spring-data-commons-4.0.5.jar:4.0.5]
	at org.springframework.data.repository.core.support.QueryExecutorMethodInterceptor.invoke(QueryExecutorMethodInterceptor.java:146) ~[spring-data-commons-4.0.5.jar:4.0.5]
	at org.springframework.aop.framework.ReflectiveMethodInvocation.proceed(ReflectiveMethodInvocation.java:179) ~[spring-aop-7.0.7.jar:7.0.7]
	at org.springframework.transaction.interceptor.TransactionInterceptor$1.proceedWithInvocation(TransactionInterceptor.java:133) ~[spring-tx-7.0.7.jar:7.0.7]
	at org.springframework.transaction.interceptor.TransactionAspectSupport.invokeWithinTransaction(TransactionAspectSupport.java:371) ~[spring-tx-7.0.7.jar:7.0.7]
	at org.springframework.transaction.interceptor.TransactionInterceptor.invoke(TransactionInterceptor.java:130) ~[spring-tx-7.0.7.jar:7.0.7]
	at org.springframework.aop.framework.ReflectiveMethodInvocation.proceed(ReflectiveMethodInvocation.java:179) ~[spring-aop-7.0.7.jar:7.0.7]
	at org.springframework.dao.support.PersistenceExceptionTranslationInterceptor.invoke(PersistenceExceptionTranslationInterceptor.java:135) ~[spring-tx-7.0.7.jar:7.0.7]
	... 26 common frames omitted
Caused by: org.hibernate.query.IllegalSelectQueryException: Expecting a SELECT Query [org.hibernate.query.sqm.tree.select.SqmSelectStatement], but found org.hibernate.query.sqm.tree.update.SqmUpdateStatement [update com.cognizant.cms.entities.Contact set contactNumber = :cno where contactId = :cid]
	at org.hibernate.query.sqm.internal.SqmUtil.verifyIsSelectStatement(SqmUtil.java:138) ~[hibernate-core-7.2.12.Final.jar:7.2.12.Final]
	at org.hibernate.query.sqm.internal.SqmQueryImpl.verifySelect(SqmQueryImpl.java:341) ~[hibernate-core-7.2.12.Final.jar:7.2.12.Final]
	... 49 common frames omitted

2026-05-18T09:27:15.866+05:30  INFO 22036 --- [03.sb-data-finders] [main] j.LocalContainerEntityManagerFactoryBean : Closing JPA EntityManagerFactory for persistence unit 'default'
2026-05-18T09:27:15.868+05:30  INFO 22036 --- [03.sb-data-finders] [main] com.zaxxer.hikari.HikariDataSource       : HikariPool-1 - Shutdown initiated...
2026-05-18T09:27:15.879+05:30  INFO 22036 --- [03.sb-data-finders] [main] com.zaxxer.hikari.HikariDataSource       : HikariPool-1 - Shutdown completed.
2026-05-18T09:28:21.764+05:30  INFO 24176 --- [03.sb-data-finders] [main] com.cognizant.cms.Application            : Starting Application using Java 17.0.0.1 with PID 24176 (C:\cognizant\EPS26IPM020\spring\boot\data\03.sb-data-finders\target\classes started by Sunil Joseph in C:\cognizant\EPS26IPM020\spring\boot\data\03.sb-data-finders)
2026-05-18T09:28:21.767+05:30  INFO 24176 --- [03.sb-data-finders] [main] com.cognizant.cms.Application            : No active profile set, falling back to 1 default profile: "default"
2026-05-18T09:28:22.165+05:30  INFO 24176 --- [03.sb-data-finders] [main] .s.d.r.c.RepositoryConfigurationDelegate : Bootstrapping Spring Data JPA repositories in DEFAULT mode.
2026-05-18T09:28:22.216+05:30  INFO 24176 --- [03.sb-data-finders] [main] .s.d.r.c.RepositoryConfigurationDelegate : Finished Spring Data repository scanning in 40 ms. Found 1 JPA repository interface.
2026-05-18T09:28:22.448+05:30  INFO 24176 --- [03.sb-data-finders] [main] org.hibernate.orm.jpa                    : HHH008540: Processing PersistenceUnitInfo [name: default]
2026-05-18T09:28:22.494+05:30  INFO 24176 --- [03.sb-data-finders] [main] org.hibernate.orm.core                   : HHH000001: Hibernate ORM core version 7.2.12.Final
2026-05-18T09:28:22.886+05:30  INFO 24176 --- [03.sb-data-finders] [main] o.s.o.j.p.SpringPersistenceUnitInfo      : No LoadTimeWeaver setup: ignoring JPA class transformer
2026-05-18T09:28:22.917+05:30  INFO 24176 --- [03.sb-data-finders] [main] com.zaxxer.hikari.HikariDataSource       : HikariPool-1 - Starting...
2026-05-18T09:28:23.213+05:30  INFO 24176 --- [03.sb-data-finders] [main] com.zaxxer.hikari.pool.HikariPool        : HikariPool-1 - Added connection com.mysql.cj.jdbc.ConnectionImpl@4751cd3
2026-05-18T09:28:23.215+05:30  INFO 24176 --- [03.sb-data-finders] [main] com.zaxxer.hikari.HikariDataSource       : HikariPool-1 - Start completed.
2026-05-18T09:28:23.282+05:30  INFO 24176 --- [03.sb-data-finders] [main] org.hibernate.orm.connections.pooling    : HHH10001005: Database info:
	Database JDBC URL [jdbc:mysql://localhost:3306/db_cognizant]
	Database driver: MySQL Connector/J
	Database dialect: MySQLDialect
	Database version: 8.0.34
	Default catalog/schema: db_cognizant/undefined
	Autocommit mode: undefined/unknown
	Isolation level: REPEATABLE_READ [default REPEATABLE_READ]
	JDBC fetch size: none
	Pool: DataSourceConnectionProvider
	Minimum pool size: undefined/unknown
	Maximum pool size: undefined/unknown
2026-05-18T09:28:23.970+05:30  INFO 24176 --- [03.sb-data-finders] [main] org.hibernate.orm.core                   : HHH000489: No JTA platform available (set 'hibernate.transaction.jta.platform' to enable JTA platform integration)
2026-05-18T09:28:24.022+05:30  INFO 24176 --- [03.sb-data-finders] [main] j.LocalContainerEntityManagerFactoryBean : Initialized JPA EntityManagerFactory for persistence unit 'default'
2026-05-18T09:28:24.090+05:30  INFO 24176 --- [03.sb-data-finders] [main] o.s.d.j.r.query.QueryEnhancerFactories   : Hibernate is in classpath; If applicable, HQL parser will be used.
2026-05-18T09:28:24.718+05:30  INFO 24176 --- [03.sb-data-finders] [main] com.cognizant.cms.Application            : Started Application in 3.372 seconds (process running for 3.899)
2026-05-18T09:28:24.837+05:30 ERROR 24176 --- [03.sb-data-finders] [main] com.cognizant.cms.Application            : no matching contact found!
2026-05-18T09:28:24.849+05:30  INFO 24176 --- [03.sb-data-finders] [main] com.cognizant.cms.Application            : Contact [105   | Kiran           | 7574968596]
2026-05-18T09:28:24.862+05:30 ERROR 24176 --- [03.sb-data-finders] [main] com.cognizant.cms.Application            : no matching contacts found
2026-05-18T09:28:24.957+05:30  INFO 24176 --- [03.sb-data-finders] [main] .s.b.a.l.ConditionEvaluationReportLogger : 

Error starting ApplicationContext. To display the condition evaluation report re-run your application with 'debug' enabled.
2026-05-18T09:28:24.972+05:30 ERROR 24176 --- [03.sb-data-finders] [main] o.s.boot.SpringApplication               : Application run failed

org.springframework.dao.InvalidDataAccessApiUsageException: No active transaction for update or delete query
	at org.springframework.orm.jpa.EntityManagerFactoryUtils.convertJpaAccessExceptionIfPossible(EntityManagerFactoryUtils.java:493) ~[spring-orm-7.0.7.jar:7.0.7]
	at org.springframework.orm.jpa.hibernate.HibernateExceptionTranslator.translateExceptionIfPossible(HibernateExceptionTranslator.java:112) ~[spring-orm-7.0.7.jar:7.0.7]
	at org.springframework.orm.jpa.vendor.HibernateJpaDialect.translateExceptionIfPossible(HibernateJpaDialect.java:223) ~[spring-orm-7.0.7.jar:7.0.7]
	at org.springframework.orm.jpa.AbstractEntityManagerFactoryBean.translateExceptionIfPossible(AbstractEntityManagerFactoryBean.java:576) ~[spring-orm-7.0.7.jar:7.0.7]
	at org.springframework.dao.support.ChainedPersistenceExceptionTranslator.translateExceptionIfPossible(ChainedPersistenceExceptionTranslator.java:61) ~[spring-tx-7.0.7.jar:7.0.7]
	at org.springframework.dao.support.DataAccessUtils.translateIfNecessary(DataAccessUtils.java:346) ~[spring-tx-7.0.7.jar:7.0.7]
	at org.springframework.dao.support.PersistenceExceptionTranslationInterceptor.invoke(PersistenceExceptionTranslationInterceptor.java:157) ~[spring-tx-7.0.7.jar:7.0.7]
	at org.springframework.aop.framework.ReflectiveMethodInvocation.proceed(ReflectiveMethodInvocation.java:179) ~[spring-aop-7.0.7.jar:7.0.7]
	at org.springframework.data.jpa.repository.support.CrudMethodMetadataPostProcessor$CrudMethodMetadataPopulatingMethodInterceptor.invoke(CrudMethodMetadataPostProcessor.java:137) ~[spring-data-jpa-4.0.5.jar:4.0.5]
	at org.springframework.aop.framework.ReflectiveMethodInvocation.proceed(ReflectiveMethodInvocation.java:179) ~[spring-aop-7.0.7.jar:7.0.7]
	at org.springframework.aop.framework.JdkDynamicAopProxy.invoke(JdkDynamicAopProxy.java:222) ~[spring-aop-7.0.7.jar:7.0.7]
	at jdk.proxy2/jdk.proxy2.$Proxy108.modifyContactNumber(Unknown Source) ~[na:na]
	at com.cognizant.cms.Application.run(Application.java:85) ~[classes/:na]
	at org.springframework.boot.SpringApplication.lambda$callRunner$1(SpringApplication.java:792) ~[spring-boot-4.0.6.jar:4.0.6]
	at org.springframework.util.function.ThrowingConsumer$1.acceptWithException(ThrowingConsumer.java:82) ~[spring-core-7.0.7.jar:7.0.7]
	at org.springframework.util.function.ThrowingConsumer.accept(ThrowingConsumer.java:60) ~[spring-core-7.0.7.jar:7.0.7]
	at org.springframework.util.function.ThrowingConsumer$1.accept(ThrowingConsumer.java:86) ~[spring-core-7.0.7.jar:7.0.7]
	at org.springframework.boot.SpringApplication.callRunner(SpringApplication.java:800) ~[spring-boot-4.0.6.jar:4.0.6]
	at org.springframework.boot.SpringApplication.callRunner(SpringApplication.java:791) ~[spring-boot-4.0.6.jar:4.0.6]
	at org.springframework.boot.SpringApplication.lambda$callRunners$0(SpringApplication.java:776) ~[spring-boot-4.0.6.jar:4.0.6]
	at java.base/java.util.stream.ForEachOps$ForEachOp$OfRef.accept(ForEachOps.java:183) ~[na:na]
	at java.base/java.util.stream.SortedOps$SizedRefSortingSink.end(SortedOps.java:357) ~[na:na]
	at java.base/java.util.stream.AbstractPipeline.copyInto(AbstractPipeline.java:510) ~[na:na]
	at java.base/java.util.stream.AbstractPipeline.wrapAndCopyInto(AbstractPipeline.java:499) ~[na:na]
	at java.base/java.util.stream.ForEachOps$ForEachOp.evaluateSequential(ForEachOps.java:150) ~[na:na]
	at java.base/java.util.stream.ForEachOps$ForEachOp$OfRef.evaluateSequential(ForEachOps.java:173) ~[na:na]
	at java.base/java.util.stream.AbstractPipeline.evaluate(AbstractPipeline.java:234) ~[na:na]
	at java.base/java.util.stream.ReferencePipeline.forEach(ReferencePipeline.java:596) ~[na:na]
	at org.springframework.boot.SpringApplication.callRunners(SpringApplication.java:776) ~[spring-boot-4.0.6.jar:4.0.6]
	at org.springframework.boot.SpringApplication.run(SpringApplication.java:328) ~[spring-boot-4.0.6.jar:4.0.6]
	at org.springframework.boot.SpringApplication.run(SpringApplication.java:1365) ~[spring-boot-4.0.6.jar:4.0.6]
	at org.springframework.boot.SpringApplication.run(SpringApplication.java:1354) ~[spring-boot-4.0.6.jar:4.0.6]
	at com.cognizant.cms.Application.main(Application.java:31) ~[classes/:na]
Caused by: jakarta.persistence.TransactionRequiredException: No active transaction for update or delete query
	at org.hibernate.internal.AbstractSharedSessionContract.checkTransactionNeededForUpdateOperation(AbstractSharedSessionContract.java:612) ~[hibernate-core-7.2.12.Final.jar:7.2.12.Final]
	at org.hibernate.internal.SessionImpl.checkTransactionNeededForUpdateOperation(SessionImpl.java:155) ~[hibernate-core-7.2.12.Final.jar:7.2.12.Final]
	at org.hibernate.query.sqm.internal.SqmQueryImpl.executeUpdate(SqmQueryImpl.java:477) ~[hibernate-core-7.2.12.Final.jar:7.2.12.Final]
	at java.base/jdk.internal.reflect.NativeMethodAccessorImpl.invoke0(Native Method) ~[na:na]
	at java.base/jdk.internal.reflect.NativeMethodAccessorImpl.invoke(NativeMethodAccessorImpl.java:77) ~[na:na]
	at java.base/jdk.internal.reflect.DelegatingMethodAccessorImpl.invoke(DelegatingMethodAccessorImpl.java:43) ~[na:na]
	at java.base/java.lang.reflect.Method.invoke(Method.java:568) ~[na:na]
	at org.springframework.orm.jpa.SharedEntityManagerCreator$DeferredQueryInvocationHandler.invoke(SharedEntityManagerCreator.java:557) ~[spring-orm-7.0.7.jar:7.0.7]
	at jdk.proxy2/jdk.proxy2.$Proxy113.executeUpdate(Unknown Source) ~[na:na]
	at org.springframework.data.jpa.repository.query.JpaQueryExecution$ModifyingExecution.doExecute(JpaQueryExecution.java:373) ~[spring-data-jpa-4.0.5.jar:4.0.5]
	at org.springframework.data.jpa.repository.query.JpaQueryExecution.execute(JpaQueryExecution.java:99) ~[spring-data-jpa-4.0.5.jar:4.0.5]
	at org.springframework.data.jpa.repository.query.AbstractJpaQuery.doExecute(AbstractJpaQuery.java:164) ~[spring-data-jpa-4.0.5.jar:4.0.5]
	at org.springframework.data.jpa.repository.query.AbstractJpaQuery.execute(AbstractJpaQuery.java:154) ~[spring-data-jpa-4.0.5.jar:4.0.5]
	at org.springframework.data.repository.core.support.RepositoryMethodInvoker.doInvoke(RepositoryMethodInvoker.java:169) ~[spring-data-commons-4.0.5.jar:4.0.5]
	at org.springframework.data.repository.core.support.RepositoryMethodInvoker.invoke(RepositoryMethodInvoker.java:158) ~[spring-data-commons-4.0.5.jar:4.0.5]
	at org.springframework.data.repository.core.support.QueryExecutorMethodInterceptor.doInvoke(QueryExecutorMethodInterceptor.java:167) ~[spring-data-commons-4.0.5.jar:4.0.5]
	at org.springframework.data.repository.core.support.QueryExecutorMethodInterceptor.invoke(QueryExecutorMethodInterceptor.java:146) ~[spring-data-commons-4.0.5.jar:4.0.5]
	at org.springframework.aop.framework.ReflectiveMethodInvocation.proceed(ReflectiveMethodInvocation.java:179) ~[spring-aop-7.0.7.jar:7.0.7]
	at org.springframework.transaction.interceptor.TransactionInterceptor$1.proceedWithInvocation(TransactionInterceptor.java:133) ~[spring-tx-7.0.7.jar:7.0.7]
	at org.springframework.transaction.interceptor.TransactionAspectSupport.invokeWithinTransaction(TransactionAspectSupport.java:371) ~[spring-tx-7.0.7.jar:7.0.7]
	at org.springframework.transaction.interceptor.TransactionInterceptor.invoke(TransactionInterceptor.java:130) ~[spring-tx-7.0.7.jar:7.0.7]
	at org.springframework.aop.framework.ReflectiveMethodInvocation.proceed(ReflectiveMethodInvocation.java:179) ~[spring-aop-7.0.7.jar:7.0.7]
	at org.springframework.dao.support.PersistenceExceptionTranslationInterceptor.invoke(PersistenceExceptionTranslationInterceptor.java:135) ~[spring-tx-7.0.7.jar:7.0.7]
	... 26 common frames omitted

2026-05-18T09:28:24.979+05:30  INFO 24176 --- [03.sb-data-finders] [main] j.LocalContainerEntityManagerFactoryBean : Closing JPA EntityManagerFactory for persistence unit 'default'
2026-05-18T09:28:24.981+05:30  INFO 24176 --- [03.sb-data-finders] [main] com.zaxxer.hikari.HikariDataSource       : HikariPool-1 - Shutdown initiated...
2026-05-18T09:28:24.992+05:30  INFO 24176 --- [03.sb-data-finders] [main] com.zaxxer.hikari.HikariDataSource       : HikariPool-1 - Shutdown completed.
2026-05-18T09:33:22.239+05:30  INFO 5228 --- [03.sb-data-finders] [main] com.cognizant.cms.Application            : Starting Application using Java 17.0.0.1 with PID 5228 (C:\cognizant\EPS26IPM020\spring\boot\data\03.sb-data-finders\target\classes started by Sunil Joseph in C:\cognizant\EPS26IPM020\spring\boot\data\03.sb-data-finders)
2026-05-18T09:33:22.245+05:30  INFO 5228 --- [03.sb-data-finders] [main] com.cognizant.cms.Application            : No active profile set, falling back to 1 default profile: "default"
2026-05-18T09:33:22.728+05:30  INFO 5228 --- [03.sb-data-finders] [main] .s.d.r.c.RepositoryConfigurationDelegate : Bootstrapping Spring Data JPA repositories in DEFAULT mode.
2026-05-18T09:33:22.779+05:30  INFO 5228 --- [03.sb-data-finders] [main] .s.d.r.c.RepositoryConfigurationDelegate : Finished Spring Data repository scanning in 43 ms. Found 1 JPA repository interface.
2026-05-18T09:33:23.037+05:30  INFO 5228 --- [03.sb-data-finders] [main] org.hibernate.orm.jpa                    : HHH008540: Processing PersistenceUnitInfo [name: default]
2026-05-18T09:33:23.102+05:30  INFO 5228 --- [03.sb-data-finders] [main] org.hibernate.orm.core                   : HHH000001: Hibernate ORM core version 7.2.12.Final
2026-05-18T09:33:23.569+05:30  INFO 5228 --- [03.sb-data-finders] [main] o.s.o.j.p.SpringPersistenceUnitInfo      : No LoadTimeWeaver setup: ignoring JPA class transformer
2026-05-18T09:33:23.612+05:30  INFO 5228 --- [03.sb-data-finders] [main] com.zaxxer.hikari.HikariDataSource       : HikariPool-1 - Starting...
2026-05-18T09:33:24.001+05:30  INFO 5228 --- [03.sb-data-finders] [main] com.zaxxer.hikari.pool.HikariPool        : HikariPool-1 - Added connection com.mysql.cj.jdbc.ConnectionImpl@5ed65e4b
2026-05-18T09:33:24.003+05:30  INFO 5228 --- [03.sb-data-finders] [main] com.zaxxer.hikari.HikariDataSource       : HikariPool-1 - Start completed.
2026-05-18T09:33:24.095+05:30  INFO 5228 --- [03.sb-data-finders] [main] org.hibernate.orm.connections.pooling    : HHH10001005: Database info:
	Database JDBC URL [jdbc:mysql://localhost:3306/db_cognizant]
	Database driver: MySQL Connector/J
	Database dialect: MySQLDialect
	Database version: 8.0.34
	Default catalog/schema: db_cognizant/undefined
	Autocommit mode: undefined/unknown
	Isolation level: REPEATABLE_READ [default REPEATABLE_READ]
	JDBC fetch size: none
	Pool: DataSourceConnectionProvider
	Minimum pool size: undefined/unknown
	Maximum pool size: undefined/unknown
2026-05-18T09:33:24.862+05:30  INFO 5228 --- [03.sb-data-finders] [main] org.hibernate.orm.core                   : HHH000489: No JTA platform available (set 'hibernate.transaction.jta.platform' to enable JTA platform integration)
2026-05-18T09:33:24.915+05:30  INFO 5228 --- [03.sb-data-finders] [main] j.LocalContainerEntityManagerFactoryBean : Initialized JPA EntityManagerFactory for persistence unit 'default'
2026-05-18T09:33:24.991+05:30  INFO 5228 --- [03.sb-data-finders] [main] o.s.d.j.r.query.QueryEnhancerFactories   : Hibernate is in classpath; If applicable, HQL parser will be used.
2026-05-18T09:33:25.676+05:30  INFO 5228 --- [03.sb-data-finders] [main] com.cognizant.cms.Application            : Started Application in 3.947 seconds (process running for 4.683)
2026-05-18T09:33:25.822+05:30 ERROR 5228 --- [03.sb-data-finders] [main] com.cognizant.cms.Application            : no matching contact found!
2026-05-18T09:33:25.835+05:30  INFO 5228 --- [03.sb-data-finders] [main] com.cognizant.cms.Application            : Contact [105   | Kiran           | 7574968596]
2026-05-18T09:33:25.848+05:30 ERROR 5228 --- [03.sb-data-finders] [main] com.cognizant.cms.Application            : no matching contacts found
2026-05-18T09:33:26.009+05:30  INFO 5228 --- [03.sb-data-finders] [SpringApplicationShutdownHook] j.LocalContainerEntityManagerFactoryBean : Closing JPA EntityManagerFactory for persistence unit 'default'
2026-05-18T09:33:26.012+05:30  INFO 5228 --- [03.sb-data-finders] [SpringApplicationShutdownHook] com.zaxxer.hikari.HikariDataSource       : HikariPool-1 - Shutdown initiated...
2026-05-18T09:33:26.022+05:30  INFO 5228 --- [03.sb-data-finders] [SpringApplicationShutdownHook] com.zaxxer.hikari.HikariDataSource       : HikariPool-1 - Shutdown completed.
